#
# A fatal error has been detected by the Java Runtime Environment:
#
#  Internal Error (javaClasses.cpp:136), pid=5226, tid=140525083932416
#  fatal error: Invalid layout of preloaded class
#
# JRE version:  (7.0_71-b14) (build )
# Java VM: Java HotSpot(TM) 64-Bit Server VM (24.71-b01 mixed mode linux-amd64 compressed oops)
# Failed to write core dump. Core dumps have been disabled. To enable core dumping, try "ulimit -c unlimited" before starting Java again
#
# If you would like to submit a bug report, please visit:
#   http://bugreport.sun.com/bugreport/crash.jsp
#

---------------  T H R E A D  ---------------

Current thread (0x00007fce8400a000):  JavaThread "Unknown thread" [_thread_in_vm, id=5231, stack(0x00007fce8ba5b000,0x00007fce8bb5c000)]

Stack: [0x00007fce8ba5b000,0x00007fce8bb5c000],  sp=0x00007fce8bb5a7b0,  free space=1021k
Native frames: (J=compiled Java code, j=interpreted, Vv=VM code, C=native code)
V  [libjvm.so+0x9a0a1a]  VMError::report_and_die()+0x2ea
V  [libjvm.so+0x497879]  report_fatal(char const*, int, char const*)+0x59
V  [libjvm.so+0x606655]  compute_offset(int&, klassOopDesc*, Symbol*, Symbol*, bool)+0x135
V  [libjvm.so+0x6076f9]  java_lang_String::compute_offsets()+0x49
V  [libjvm.so+0x926a25]  SystemDictionary::initialize_preloaded_classes(Thread*)+0x235
V  [libjvm.so+0x974394]  Universe::genesis(Thread*)+0x494
V  [libjvm.so+0x974849]  universe2_init()+0x29
V  [libjvm.so+0x5b0f6d]  init_globals()+0xbd
V  [libjvm.so+0x95b47d]  Threads::create_vm(JavaVMInitArgs*, bool*)+0x1ed
V  [libjvm.so+0x6391c4]  JNI_CreateJavaVM+0x74
C  [libjli.so+0x2f8e]  JavaMain+0x9e


---------------  P R O C E S S  ---------------

Java Threads: ( => current thread )

Other Threads:

=>0x00007fce8400a000 (exited) JavaThread "Unknown thread" [_thread_in_vm, id=5231, stack(0x00007fce8ba5b000,0x00007fce8bb5c000)]

VM state:not at safepoint (not fully initialized)

VM Mutex/Monitor currently owned by a thread: None

GC Heap History (0 events):
No events

Deoptimization events (0 events):
No events

Internal exceptions (0 events):
No events

Events (10 events):
Event: 0.007 loading class 0x00007fce881ec6f0 done
Event: 0.007 loading class 0x00007fce881ec110 done
Event: 0.007 loading class 0x00007fce881ec0f0
Event: 0.007 loading class 0x00007fce881f4280
Event: 0.007 loading class 0x00007fce881f4280 done
Event: 0.007 loading class 0x00007fce881f42b0
Event: 0.008 loading class 0x00007fce881f42b0 done
Event: 0.008 loading class 0x00007fce881f42e0
Event: 0.008 loading class 0x00007fce881f42e0 done
Event: 0.008 loading class 0x00007fce881ec0f0 done


Dynamic libraries:
00400000-00401000 r-xp 00000000 08:02 12718258                           /usr/lib/jvm/jdk1.7.0/bin/java
00600000-00601000 rw-p 00000000 08:02 12718258                           /usr/lib/jvm/jdk1.7.0/bin/java
01e1f000-01e40000 rw-p 00000000 00:00 0                                  [heap]
80400000-81900000 rw-p 00000000 00:00 0 
81900000-85600000 rw-p 00000000 00:00 0 
85600000-8a780000 rw-p 00000000 00:00 0 
8a780000-d7200000 rw-p 00000000 00:00 0 
d7200000-d9b00000 rw-p 00000000 00:00 0 
d9b00000-100000000 rw-p 00000000 00:00 0 
7fce6c000000-7fce6c021000 rw-p 00000000 00:00 0 
7fce6c021000-7fce70000000 ---p 00000000 00:00 0 
7fce70000000-7fce70021000 rw-p 00000000 00:00 0 
7fce70021000-7fce74000000 ---p 00000000 00:00 0 
7fce74000000-7fce74021000 rw-p 00000000 00:00 0 
7fce74021000-7fce78000000 ---p 00000000 00:00 0 
7fce78020000-7fce7c000000 rw-p 00000000 00:00 0 
7fce7c000000-7fce7c021000 rw-p 00000000 00:00 0 
7fce7c021000-7fce80000000 ---p 00000000 00:00 0 
7fce809bb000-7fce81000000 rw-p 00000000 00:00 0 
7fce81000000-7fce81270000 rwxp 00000000 00:00 0 
7fce81270000-7fce84056000 rw-p 00000000 00:00 0 
7fce84056000-7fce88000000 ---p 00000000 00:00 0 
7fce88056000-7fce88081000 rw-p 00000000 00:00 0 
7fce88081000-7fce88176000 r--s 017dd000 08:02 3408114                    /home/peto/android-sdks/platforms/android-22/android.jar
7fce88176000-7fce88297000 rw-p 00000000 00:00 0 
7fce88297000-7fce88298000 ---p 00000000 00:00 0 
7fce88298000-7fce88398000 rw-p 00000000 00:00 0                          [stack:5235]
7fce88398000-7fce88399000 ---p 00000000 00:00 0 
7fce88399000-7fce88499000 rw-p 00000000 00:00 0                          [stack:5234]
7fce88499000-7fce8849a000 ---p 00000000 00:00 0 
7fce8849a000-7fce8859a000 rw-p 00000000 00:00 0                          [stack:5233]
7fce8859a000-7fce8859b000 ---p 00000000 00:00 0 
7fce8859b000-7fce886a6000 rw-p 00000000 00:00 0                          [stack:5232]
7fce886a6000-7fce886c4000 rw-p 00000000 00:00 0 
7fce886c4000-7fce886ed000 rw-p 00000000 00:00 0 
7fce886ed000-7fce88952000 rw-p 00000000 00:00 0 
7fce88952000-7fce8895d000 rw-p 00000000 00:00 0 
7fce8895d000-7fce8897b000 rw-p 00000000 00:00 0 
7fce8897b000-7fce889a4000 rw-p 00000000 00:00 0 
7fce889a4000-7fce88c09000 rw-p 00000000 00:00 0 
7fce88c09000-7fce88c1e000 rw-p 00000000 00:00 0 
7fce88c1e000-7fce88d50000 rw-p 00000000 00:00 0 
7fce88d50000-7fce88d51000 rw-p 00000000 00:00 0 
7fce88d51000-7fce88d6b000 r-xp 00000000 08:02 12718962                   /usr/lib/jvm/jdk1.7.0/jre/lib/amd64/libzip.so
7fce88d6b000-7fce88f6b000 ---p 0001a000 08:02 12718962                   /usr/lib/jvm/jdk1.7.0/jre/lib/amd64/libzip.so
7fce88f6b000-7fce88f6c000 rw-p 0001a000 08:02 12718962                   /usr/lib/jvm/jdk1.7.0/jre/lib/amd64/libzip.so
7fce88f6c000-7fce88f77000 r-xp 00000000 08:02 4457464                    /lib/x86_64-linux-gnu/libnss_files-2.19.so
7fce88f77000-7fce89176000 ---p 0000b000 08:02 4457464                    /lib/x86_64-linux-gnu/libnss_files-2.19.so
7fce89176000-7fce89177000 r--p 0000a000 08:02 4457464                    /lib/x86_64-linux-gnu/libnss_files-2.19.so
7fce89177000-7fce89178000 rw-p 0000b000 08:02 4457464                    /lib/x86_64-linux-gnu/libnss_files-2.19.so
7fce89178000-7fce89183000 r-xp 00000000 08:02 4457835                    /lib/x86_64-linux-gnu/libnss_nis-2.19.so
7fce89183000-7fce89382000 ---p 0000b000 08:02 4457835                    /lib/x86_64-linux-gnu/libnss_nis-2.19.so
7fce89382000-7fce89383000 r--p 0000a000 08:02 4457835                    /lib/x86_64-linux-gnu/libnss_nis-2.19.so
7fce89383000-7fce89384000 rw-p 0000b000 08:02 4457835                    /lib/x86_64-linux-gnu/libnss_nis-2.19.so
7fce89384000-7fce8939b000 r-xp 00000000 08:02 4457543                    /lib/x86_64-linux-gnu/libnsl-2.19.so
7fce8939b000-7fce8959a000 ---p 00017000 08:02 4457543                    /lib/x86_64-linux-gnu/libnsl-2.19.so
7fce8959a000-7fce8959b000 r--p 00016000 08:02 4457543                    /lib/x86_64-linux-gnu/libnsl-2.19.so
7fce8959b000-7fce8959c000 rw-p 00017000 08:02 4457543                    /lib/x86_64-linux-gnu/libnsl-2.19.so
7fce8959c000-7fce8959e000 rw-p 00000000 00:00 0 
7fce8959e000-7fce895a7000 r-xp 00000000 08:02 4457540                    /lib/x86_64-linux-gnu/libnss_compat-2.19.so
7fce895a7000-7fce897a6000 ---p 00009000 08:02 4457540                    /lib/x86_64-linux-gnu/libnss_compat-2.19.so
7fce897a6000-7fce897a7000 r--p 00008000 08:02 4457540                    /lib/x86_64-linux-gnu/libnss_compat-2.19.so
7fce897a7000-7fce897a8000 rw-p 00009000 08:02 4457540                    /lib/x86_64-linux-gnu/libnss_compat-2.19.so
7fce897a8000-7fce897d1000 r-xp 00000000 08:02 12718945                   /usr/lib/jvm/jdk1.7.0/jre/lib/amd64/libjava.so
7fce897d1000-7fce899d1000 ---p 00029000 08:02 12718945                   /usr/lib/jvm/jdk1.7.0/jre/lib/amd64/libjava.so
7fce899d1000-7fce899d3000 rw-p 00029000 08:02 12718945                   /usr/lib/jvm/jdk1.7.0/jre/lib/amd64/libjava.so
7fce899d3000-7fce899e0000 r-xp 00000000 08:02 12718907                   /usr/lib/jvm/jdk1.7.0/jre/lib/amd64/libverify.so
7fce899e0000-7fce89bdf000 ---p 0000d000 08:02 12718907                   /usr/lib/jvm/jdk1.7.0/jre/lib/amd64/libverify.so
7fce89bdf000-7fce89be1000 rw-p 0000c000 08:02 12718907                   /usr/lib/jvm/jdk1.7.0/jre/lib/amd64/libverify.so
7fce89be1000-7fce89be8000 r-xp 00000000 08:02 4457738                    /lib/x86_64-linux-gnu/librt-2.19.so
7fce89be8000-7fce89de7000 ---p 00007000 08:02 4457738                    /lib/x86_64-linux-gnu/librt-2.19.so
7fce89de7000-7fce89de8000 r--p 00006000 08:02 4457738                    /lib/x86_64-linux-gnu/librt-2.19.so
7fce89de8000-7fce89de9000 rw-p 00007000 08:02 4457738                    /lib/x86_64-linux-gnu/librt-2.19.so
7fce89de9000-7fce89eee000 r-xp 00000000 08:02 4457438                    /lib/x86_64-linux-gnu/libm-2.19.so
7fce89eee000-7fce8a0ed000 ---p 00105000 08:02 4457438                    /lib/x86_64-linux-gnu/libm-2.19.so
7fce8a0ed000-7fce8a0ee000 r--p 00104000 08:02 4457438                    /lib/x86_64-linux-gnu/libm-2.19.so
7fce8a0ee000-7fce8a0ef000 rw-p 00105000 08:02 4457438                    /lib/x86_64-linux-gnu/libm-2.19.so
7fce8a0ef000-7fce8ac61000 r-xp 00000000 08:02 12718921                   /usr/lib/jvm/jdk1.7.0/jre/lib/amd64/server/libjvm.so
7fce8ac61000-7fce8ae60000 ---p 00b72000 08:02 12718921                   /usr/lib/jvm/jdk1.7.0/jre/lib/amd64/server/libjvm.so
7fce8ae60000-7fce8af25000 rw-p 00b71000 08:02 12718921                   /usr/lib/jvm/jdk1.7.0/jre/lib/amd64/server/libjvm.so
7fce8af25000-7fce8af65000 rw-p 00000000 00:00 0 
7fce8af65000-7fce8b120000 r-xp 00000000 08:02 4457650                    /lib/x86_64-linux-gnu/libc-2.19.so
7fce8b120000-7fce8b31f000 ---p 001bb000 08:02 4457650                    /lib/x86_64-linux-gnu/libc-2.19.so
7fce8b31f000-7fce8b323000 r--p 001ba000 08:02 4457650                    /lib/x86_64-linux-gnu/libc-2.19.so
7fce8b323000-7fce8b325000 rw-p 001be000 08:02 4457650                    /lib/x86_64-linux-gnu/libc-2.19.so
7fce8b325000-7fce8b32a000 rw-p 00000000 00:00 0 
7fce8b32a000-7fce8b32d000 r-xp 00000000 08:02 4457493                    /lib/x86_64-linux-gnu/libdl-2.19.so
7fce8b32d000-7fce8b52c000 ---p 00003000 08:02 4457493                    /lib/x86_64-linux-gnu/libdl-2.19.so
7fce8b52c000-7fce8b52d000 r--p 00002000 08:02 4457493                    /lib/x86_64-linux-gnu/libdl-2.19.so
7fce8b52d000-7fce8b52e000 rw-p 00003000 08:02 4457493                    /lib/x86_64-linux-gnu/libdl-2.19.so
7fce8b52e000-7fce8b544000 r-xp 00000000 08:02 12717095                   /usr/lib/jvm/jdk1.7.0/lib/amd64/jli/libjli.so
7fce8b544000-7fce8b744000 ---p 00016000 08:02 12717095                   /usr/lib/jvm/jdk1.7.0/lib/amd64/jli/libjli.so
7fce8b744000-7fce8b745000 rw-p 00016000 08:02 12717095                   /usr/lib/jvm/jdk1.7.0/lib/amd64/jli/libjli.so
7fce8b745000-7fce8b75e000 r-xp 00000000 08:02 4457654                    /lib/x86_64-linux-gnu/libpthread-2.19.so
7fce8b75e000-7fce8b95d000 ---p 00019000 08:02 4457654                    /lib/x86_64-linux-gnu/libpthread-2.19.so
7fce8b95d000-7fce8b95e000 r--p 00018000 08:02 4457654                    /lib/x86_64-linux-gnu/libpthread-2.19.so
7fce8b95e000-7fce8b95f000 rw-p 00019000 08:02 4457654                    /lib/x86_64-linux-gnu/libpthread-2.19.so
7fce8b95f000-7fce8b963000 rw-p 00000000 00:00 0 
7fce8b963000-7fce8b986000 r-xp 00000000 08:02 4457638                    /lib/x86_64-linux-gnu/ld-2.19.so
7fce8b99b000-7fce8b9a5000 rw-p 00000000 00:00 0 
7fce8b9a5000-7fce8ba5b000 rw-p 00000000 00:00 0 
7fce8ba5b000-7fce8ba5e000 ---p 00000000 00:00 0 
7fce8ba5e000-7fce8bb60000 rw-p 00000000 00:00 0                          [stack:5231]
7fce8bb77000-7fce8bb79000 rw-p 00000000 00:00 0 
7fce8bb79000-7fce8bb81000 rw-s 00000000 08:02 7083366                    /tmp/hsperfdata_peto/5226
7fce8bb81000-7fce8bb82000 rw-p 00000000 00:00 0 
7fce8bb82000-7fce8bb83000 r--p 00000000 00:00 0 
7fce8bb83000-7fce8bb85000 rw-p 00000000 00:00 0 
7fce8bb85000-7fce8bb86000 r--p 00022000 08:02 4457638                    /lib/x86_64-linux-gnu/ld-2.19.so
7fce8bb86000-7fce8bb87000 rw-p 00023000 08:02 4457638                    /lib/x86_64-linux-gnu/ld-2.19.so
7fce8bb87000-7fce8bb88000 rw-p 00000000 00:00 0 
7fffd9536000-7fffd9557000 rw-p 00000000 00:00 0                          [stack]
7fffd9566000-7fffd9568000 r-xp 00000000 00:00 0                          [vdso]
ffffffffff600000-ffffffffff601000 r-xp 00000000 00:00 0                  [vsyscall]

VM Arguments:
jvm_args: -Dfile.encoding=UTF-8 -Xbootclasspath:/home/peto/android-sdks/platforms/android-22/android.jar 
java_command: sk.peterjurkovic.dril.utils.StringUtils
Launcher Type: SUN_STANDARD

Environment Variables:
PATH=/usr/local/heroku/bin:/usr/local/sbin:/usr/local/bin:/usr/sbin:/usr/bin:/sbin:/bin:/usr/games:/usr/local/games
USERNAME=peto
SHELL=/bin/bash
DISPLAY=:0

Signal Handlers:
SIGSEGV: [libjvm.so+0x9a1330], sa_mask[0]=0x7ffbfeff, sa_flags=0x10000004
SIGBUS: [libjvm.so+0x9a1330], sa_mask[0]=0x7ffbfeff, sa_flags=0x10000004
SIGFPE: [libjvm.so+0x81b390], sa_mask[0]=0x7ffbfeff, sa_flags=0x10000004
SIGPIPE: [libjvm.so+0x81b390], sa_mask[0]=0x7ffbfeff, sa_flags=0x10000004
SIGXFSZ: [libjvm.so+0x81b390], sa_mask[0]=0x7ffbfeff, sa_flags=0x10000004
SIGILL: [libjvm.so+0x81b390], sa_mask[0]=0x7ffbfeff, sa_flags=0x10000004
SIGUSR1: SIG_DFL, sa_mask[0]=0x00000000, sa_flags=0x00000000
SIGUSR2: [libjvm.so+0x81cb90], sa_mask[0]=0x00000004, sa_flags=0x10000004
SIGHUP: SIG_DFL, sa_mask[0]=0x00000000, sa_flags=0x00000000
SIGINT: SIG_DFL, sa_mask[0]=0x00000000, sa_flags=0x00000000
SIGTERM: SIG_DFL, sa_mask[0]=0x00000000, sa_flags=0x00000000
SIGQUIT: SIG_DFL, sa_mask[0]=0x00000000, sa_flags=0x00000000


---------------  S Y S T E M  ---------------

OS:jessie/sid

uname:Linux 3.13.0-24-generic #47-Ubuntu SMP Fri May 2 23:30:00 UTC 2014 x86_64
libc:glibc 2.19 NPTL 2.19 
rlimit: STACK 8192k, CORE 0k, NPROC 62054, NOFILE 4096, AS infinity
load average:0.53 0.81 0.74

/proc/meminfo:
MemTotal:        8028864 kB
MemFree:         2088900 kB
Buffers:          155904 kB
Cached:          2848128 kB
SwapCached:            0 kB
Active:          3400460 kB
Inactive:        2257528 kB
Active(anon):    2659288 kB
Inactive(anon):   441388 kB
Active(file):     741172 kB
Inactive(file):  1816140 kB
Unevictable:           0 kB
Mlocked:               0 kB
SwapTotal:       8240124 kB
SwapFree:        8240124 kB
Dirty:               100 kB
Writeback:             0 kB
AnonPages:       2654120 kB
Mapped:           566092 kB
Shmem:            446724 kB
Slab:             152916 kB
SReclaimable:     120276 kB
SUnreclaim:        32640 kB
KernelStack:        4664 kB
PageTables:        33012 kB
NFS_Unstable:          0 kB
Bounce:                0 kB
WritebackTmp:          0 kB
CommitLimit:    12254556 kB
Committed_AS:    6029808 kB
VmallocTotal:   34359738367 kB
VmallocUsed:      415160 kB
VmallocChunk:   34359317584 kB
HardwareCorrupted:     0 kB
AnonHugePages:    995328 kB
HugePages_Total:       0
HugePages_Free:        0
HugePages_Rsvd:        0
HugePages_Surp:        0
Hugepagesize:       2048 kB
DirectMap4k:       88056 kB
DirectMap2M:     8153088 kB


CPU:total 4 (2 cores per cpu, 2 threads per core) family 6 model 58 stepping 9, cmov, cx8, fxsr, mmx, sse, sse2, sse3, ssse3, sse4.1, sse4.2, popcnt, avx, aes, erms, ht, tsc, tscinvbit, tscinv

/proc/cpuinfo:
processor	: 0
vendor_id	: GenuineIntel
cpu family	: 6
model		: 58
model name	: Intel(R) Core(TM) i5-3230M CPU @ 2.60GHz
stepping	: 9
microcode	: 0x17
cpu MHz		: 2000.000
cache size	: 3072 KB
physical id	: 0
siblings	: 4
core id		: 0
cpu cores	: 2
apicid		: 0
initial apicid	: 0
fpu		: yes
fpu_exception	: yes
cpuid level	: 13
wp		: yes
flags		: fpu vme de pse tsc msr pae mce cx8 apic sep mtrr pge mca cmov pat pse36 clflush dts acpi mmx fxsr sse sse2 ss ht tm pbe syscall nx rdtscp lm constant_tsc arch_perfmon pebs bts rep_good nopl xtopology nonstop_tsc aperfmperf eagerfpu pni pclmulqdq dtes64 monitor ds_cpl vmx est tm2 ssse3 cx16 xtpr pdcm pcid sse4_1 sse4_2 x2apic popcnt tsc_deadline_timer aes xsave avx f16c rdrand lahf_lm ida arat epb xsaveopt pln pts dtherm tpr_shadow vnmi flexpriority ept vpid fsgsbase smep erms
bogomips	: 5188.09
clflush size	: 64
cache_alignment	: 64
address sizes	: 36 bits physical, 48 bits virtual
power management:

processor	: 1
vendor_id	: GenuineIntel
cpu family	: 6
model		: 58
model name	: Intel(R) Core(TM) i5-3230M CPU @ 2.60GHz
stepping	: 9
microcode	: 0x17
cpu MHz		: 2200.000
cache size	: 3072 KB
physical id	: 0
siblings	: 4
core id		: 0
cpu cores	: 2
apicid		: 1
initial apicid	: 1
fpu		: yes
fpu_exception	: yes
cpuid level	: 13
wp		: yes
flags		: fpu vme de pse tsc msr pae mce cx8 apic sep mtrr pge mca cmov pat pse36 clflush dts acpi mmx fxsr sse sse2 ss ht tm pbe syscall nx rdtscp lm constant_tsc arch_perfmon pebs bts rep_good nopl xtopology nonstop_tsc aperfmperf eagerfpu pni pclmulqdq dtes64 monitor ds_cpl vmx est tm2 ssse3 cx16 xtpr pdcm pcid sse4_1 sse4_2 x2apic popcnt tsc_deadline_timer aes xsave avx f16c rdrand lahf_lm ida arat epb xsaveopt pln pts dtherm tpr_shadow vnmi flexpriority ept vpid fsgsbase smep erms
bogomips	: 5188.09
clflush size	: 64
cache_alignment	: 64
address sizes	: 36 bits physical, 48 bits virtual
power management:

processor	: 2
vendor_id	: GenuineIntel
cpu family	: 6
model		: 58
model name	: Intel(R) Core(TM) i5-3230M CPU @ 2.60GHz
stepping	: 9
microcode	: 0x17
cpu MHz		: 1200.000
cache size	: 3072 KB
physical id	: 0
siblings	: 4
core id		: 1
cpu cores	: 2
apicid		: 2
initial apicid	: 2
fpu		: yes
fpu_exception	: yes
cpuid level	: 13
wp		: yes
flags		: fpu vme de pse tsc msr pae mce cx8 apic sep mtrr pge mca cmov pat pse36 clflush dts acpi mmx fxsr sse sse2 ss ht tm pbe syscall nx rdtscp lm constant_tsc arch_perfmon pebs bts rep_good nopl xtopology nonstop_tsc aperfmperf eagerfpu pni pclmulqdq dtes64 monitor ds_cpl vmx est tm2 ssse3 cx16 xtpr pdcm pcid sse4_1 sse4_2 x2apic popcnt tsc_deadline_timer aes xsave avx f16c rdrand lahf_lm ida arat epb xsaveopt pln pts dtherm tpr_shadow vnmi flexpriority ept vpid fsgsbase smep erms
bogomips	: 5188.09
clflush size	: 64
cache_alignment	: 64
address sizes	: 36 bits physical, 48 bits virtual
power management:

processor	: 3
vendor_id	: GenuineIntel
cpu family	: 6
model		: 58
model name	: Intel(R) Core(TM) i5-3230M CPU @ 2.60GHz
stepping	: 9
microcode	: 0x17
cpu MHz		: 2601.000
cache size	: 3072 KB
physical id	: 0
siblings	: 4
core id		: 1
cpu cores	: 2
apicid		: 3
initial apicid	: 3
fpu		: yes
fpu_exception	: yes
cpuid level	: 13
wp		: yes
flags		: fpu vme de pse tsc msr pae mce cx8 apic sep mtrr pge mca cmov pat pse36 clflush dts acpi mmx fxsr sse sse2 ss ht tm pbe syscall nx rdtscp lm constant_tsc arch_perfmon pebs bts rep_good nopl xtopology nonstop_tsc aperfmperf eagerfpu pni pclmulqdq dtes64 monitor ds_cpl vmx est tm2 ssse3 cx16 xtpr pdcm pcid sse4_1 sse4_2 x2apic popcnt tsc_deadline_timer aes xsave avx f16c rdrand lahf_lm ida arat epb xsaveopt pln pts dtherm tpr_shadow vnmi flexpriority ept vpid fsgsbase smep erms
bogomips	: 5188.09
clflush size	: 64
cache_alignment	: 64
address sizes	: 36 bits physical, 48 bits virtual
power management:



Memory: 4k page, physical 8028864k(2088900k free), swap 8240124k(8240124k free)

vm_info: Java HotSpot(TM) 64-Bit Server VM (24.71-b01) for linux-amd64 JRE (1.7.0_71-b14), built on Sep 26 2014 16:41:40 by "java_re" with gcc 4.3.0 20080428 (Red Hat 4.3.0-8)

time: Fri Jun 19 20:09:21 2015
elapsed time: 0 seconds

