#
# A fatal error has been detected by the Java Runtime Environment:
#
#  Internal Error (javaClasses.cpp:136), pid=13927, tid=140572174993152
#  fatal error: Invalid layout of preloaded class
#
# JRE version:  (7.0_71-b14) (build )
# Java VM: Java HotSpot(TM) 64-Bit Server VM (24.71-b01 mixed mode linux-amd64 compressed oops)
# Failed to write core dump. Core dumps have been disabled. To enable core dumping, try "ulimit -c unlimited" before starting Java again
#
# If you would like to submit a bug report, please visit:
#   http://bugreport.sun.com/bugreport/crash.jsp
#

---------------  T H R E A D  ---------------

Current thread (0x00007fd97c00a000):  JavaThread "Unknown thread" [_thread_in_vm, id=13932, stack(0x00007fd9827e4000,0x00007fd9828e5000)]

Stack: [0x00007fd9827e4000,0x00007fd9828e5000],  sp=0x00007fd9828e37b0,  free space=1021k
Native frames: (J=compiled Java code, j=interpreted, Vv=VM code, C=native code)
V  [libjvm.so+0x9a0a1a]  VMError::report_and_die()+0x2ea
V  [libjvm.so+0x497879]  report_fatal(char const*, int, char const*)+0x59
V  [libjvm.so+0x606655]  compute_offset(int&, klassOopDesc*, Symbol*, Symbol*, bool)+0x135
V  [libjvm.so+0x6076f9]  java_lang_String::compute_offsets()+0x49
V  [libjvm.so+0x926a25]  SystemDictionary::initialize_preloaded_classes(Thread*)+0x235
V  [libjvm.so+0x974394]  Universe::genesis(Thread*)+0x494
V  [libjvm.so+0x974849]  universe2_init()+0x29
V  [libjvm.so+0x5b0f6d]  init_globals()+0xbd
V  [libjvm.so+0x95b47d]  Threads::create_vm(JavaVMInitArgs*, bool*)+0x1ed
V  [libjvm.so+0x6391c4]  JNI_CreateJavaVM+0x74
C  [libjli.so+0x2f8e]  JavaMain+0x9e


---------------  P R O C E S S  ---------------

Java Threads: ( => current thread )

Other Threads:

=>0x00007fd97c00a000 (exited) JavaThread "Unknown thread" [_thread_in_vm, id=13932, stack(0x00007fd9827e4000,0x00007fd9828e5000)]

VM state:not at safepoint (not fully initialized)

VM Mutex/Monitor currently owned by a thread: None

GC Heap History (0 events):
No events

Deoptimization events (0 events):
No events

Internal exceptions (0 events):
No events

Events (10 events):
Event: 0.011 loading class 0x00007fd98003a6f0 done
Event: 0.012 loading class 0x00007fd98003a110 done
Event: 0.012 loading class 0x00007fd98003a0f0
Event: 0.012 loading class 0x00007fd980042280
Event: 0.012 loading class 0x00007fd980042280 done
Event: 0.012 loading class 0x00007fd9800422b0
Event: 0.012 loading class 0x00007fd9800422b0 done
Event: 0.012 loading class 0x00007fd9800422e0
Event: 0.012 loading class 0x00007fd9800422e0 done
Event: 0.012 loading class 0x00007fd98003a0f0 done


Dynamic libraries:
00400000-00401000 r-xp 00000000 08:02 12718258                           /usr/lib/jvm/jdk1.7.0/bin/java
00600000-00601000 rw-p 00000000 08:02 12718258                           /usr/lib/jvm/jdk1.7.0/bin/java
01729000-0174a000 rw-p 00000000 00:00 0                                  [heap]
80400000-81900000 rw-p 00000000 00:00 0 
81900000-85600000 rw-p 00000000 00:00 0 
85600000-8a780000 rw-p 00000000 00:00 0 
8a780000-d7200000 rw-p 00000000 00:00 0 
d7200000-d9b00000 rw-p 00000000 00:00 0 
d9b00000-100000000 rw-p 00000000 00:00 0 
7fd95c000000-7fd95c021000 rw-p 00000000 00:00 0 
7fd95c021000-7fd960000000 ---p 00000000 00:00 0 
7fd964000000-7fd964021000 rw-p 00000000 00:00 0 
7fd964021000-7fd968000000 ---p 00000000 00:00 0 
7fd968000000-7fd968021000 rw-p 00000000 00:00 0 
7fd968021000-7fd96c000000 ---p 00000000 00:00 0 
7fd96c000000-7fd96c021000 rw-p 00000000 00:00 0 
7fd96c021000-7fd970000000 ---p 00000000 00:00 0 
7fd9737ac000-7fd9739f3000 rw-p 00000000 00:00 0 
7fd9739f3000-7fd973ae8000 r--s 017dd000 08:02 3408114                    /home/peto/android-sdks/platforms/android-22/android.jar
7fd973ae8000-7fd977f3c000 rw-p 00000000 00:00 0 
7fd977f3c000-7fd977f3d000 ---p 00000000 00:00 0 
7fd977f3d000-7fd97803d000 rw-p 00000000 00:00 0                          [stack:13936]
7fd97803d000-7fd97803e000 ---p 00000000 00:00 0 
7fd97803e000-7fd97813e000 rw-p 00000000 00:00 0                          [stack:13935]
7fd97813e000-7fd97813f000 ---p 00000000 00:00 0 
7fd97813f000-7fd97823f000 rw-p 00000000 00:00 0                          [stack:13934]
7fd97823f000-7fd978240000 ---p 00000000 00:00 0 
7fd978240000-7fd978369000 rw-p 00000000 00:00 0                          [stack:13933]
7fd978369000-7fd9785ce000 rw-p 00000000 00:00 0 
7fd9785ce000-7fd9785d9000 rw-p 00000000 00:00 0 
7fd9785d9000-7fd9785f7000 rw-p 00000000 00:00 0 
7fd9785f7000-7fd978620000 rw-p 00000000 00:00 0 
7fd978620000-7fd978885000 rw-p 00000000 00:00 0 
7fd978885000-7fd97889a000 rw-p 00000000 00:00 0 
7fd97889a000-7fd9789cc000 rw-p 00000000 00:00 0 
7fd9789cc000-7fd9789cd000 rw-p 00000000 00:00 0 
7fd9789cd000-7fd978c3d000 rwxp 00000000 00:00 0 
7fd978c3d000-7fd97b9cd000 rw-p 00000000 00:00 0 
7fd97b9cd000-7fd97b9e7000 r-xp 00000000 08:02 12718962                   /usr/lib/jvm/jdk1.7.0/jre/lib/amd64/libzip.so
7fd97b9e7000-7fd97bbe7000 ---p 0001a000 08:02 12718962                   /usr/lib/jvm/jdk1.7.0/jre/lib/amd64/libzip.so
7fd97bbe7000-7fd97bbe8000 rw-p 0001a000 08:02 12718962                   /usr/lib/jvm/jdk1.7.0/jre/lib/amd64/libzip.so
7fd97bbe8000-7fd97bbf3000 r-xp 00000000 08:02 4457464                    /lib/x86_64-linux-gnu/libnss_files-2.19.so
7fd97bbf3000-7fd97bdf2000 ---p 0000b000 08:02 4457464                    /lib/x86_64-linux-gnu/libnss_files-2.19.so
7fd97bdf2000-7fd97bdf3000 r--p 0000a000 08:02 4457464                    /lib/x86_64-linux-gnu/libnss_files-2.19.so
7fd97bdf3000-7fd97bdf4000 rw-p 0000b000 08:02 4457464                    /lib/x86_64-linux-gnu/libnss_files-2.19.so
7fd97bdf4000-7fd97bdff000 r-xp 00000000 08:02 4457835                    /lib/x86_64-linux-gnu/libnss_nis-2.19.so
7fd97bdff000-7fd97bffe000 ---p 0000b000 08:02 4457835                    /lib/x86_64-linux-gnu/libnss_nis-2.19.so
7fd97bffe000-7fd97bfff000 r--p 0000a000 08:02 4457835                    /lib/x86_64-linux-gnu/libnss_nis-2.19.so
7fd97bfff000-7fd97c000000 rw-p 0000b000 08:02 4457835                    /lib/x86_64-linux-gnu/libnss_nis-2.19.so
7fd97c000000-7fd97c056000 rw-p 00000000 00:00 0 
7fd97c056000-7fd980000000 ---p 00000000 00:00 0 
7fd98000f000-7fd9800f0000 rw-p 00000000 00:00 0 
7fd9800f0000-7fd98010e000 rw-p 00000000 00:00 0 
7fd98010e000-7fd980125000 r-xp 00000000 08:02 4457543                    /lib/x86_64-linux-gnu/libnsl-2.19.so
7fd980125000-7fd980324000 ---p 00017000 08:02 4457543                    /lib/x86_64-linux-gnu/libnsl-2.19.so
7fd980324000-7fd980325000 r--p 00016000 08:02 4457543                    /lib/x86_64-linux-gnu/libnsl-2.19.so
7fd980325000-7fd980326000 rw-p 00017000 08:02 4457543                    /lib/x86_64-linux-gnu/libnsl-2.19.so
7fd980326000-7fd980328000 rw-p 00000000 00:00 0 
7fd980328000-7fd980331000 r-xp 00000000 08:02 4457540                    /lib/x86_64-linux-gnu/libnss_compat-2.19.so
7fd980331000-7fd980530000 ---p 00009000 08:02 4457540                    /lib/x86_64-linux-gnu/libnss_compat-2.19.so
7fd980530000-7fd980531000 r--p 00008000 08:02 4457540                    /lib/x86_64-linux-gnu/libnss_compat-2.19.so
7fd980531000-7fd980532000 rw-p 00009000 08:02 4457540                    /lib/x86_64-linux-gnu/libnss_compat-2.19.so
7fd980532000-7fd98055b000 r-xp 00000000 08:02 12718945                   /usr/lib/jvm/jdk1.7.0/jre/lib/amd64/libjava.so
7fd98055b000-7fd98075b000 ---p 00029000 08:02 12718945                   /usr/lib/jvm/jdk1.7.0/jre/lib/amd64/libjava.so
7fd98075b000-7fd98075d000 rw-p 00029000 08:02 12718945                   /usr/lib/jvm/jdk1.7.0/jre/lib/amd64/libjava.so
7fd98075d000-7fd98076a000 r-xp 00000000 08:02 12718907                   /usr/lib/jvm/jdk1.7.0/jre/lib/amd64/libverify.so
7fd98076a000-7fd980969000 ---p 0000d000 08:02 12718907                   /usr/lib/jvm/jdk1.7.0/jre/lib/amd64/libverify.so
7fd980969000-7fd98096b000 rw-p 0000c000 08:02 12718907                   /usr/lib/jvm/jdk1.7.0/jre/lib/amd64/libverify.so
7fd98096b000-7fd980972000 r-xp 00000000 08:02 4457738                    /lib/x86_64-linux-gnu/librt-2.19.so
7fd980972000-7fd980b71000 ---p 00007000 08:02 4457738                    /lib/x86_64-linux-gnu/librt-2.19.so
7fd980b71000-7fd980b72000 r--p 00006000 08:02 4457738                    /lib/x86_64-linux-gnu/librt-2.19.so
7fd980b72000-7fd980b73000 rw-p 00007000 08:02 4457738                    /lib/x86_64-linux-gnu/librt-2.19.so
7fd980b73000-7fd980c78000 r-xp 00000000 08:02 4457438                    /lib/x86_64-linux-gnu/libm-2.19.so
7fd980c78000-7fd980e77000 ---p 00105000 08:02 4457438                    /lib/x86_64-linux-gnu/libm-2.19.so
7fd980e77000-7fd980e78000 r--p 00104000 08:02 4457438                    /lib/x86_64-linux-gnu/libm-2.19.so
7fd980e78000-7fd980e79000 rw-p 00105000 08:02 4457438                    /lib/x86_64-linux-gnu/libm-2.19.so
7fd980e79000-7fd9819eb000 r-xp 00000000 08:02 12718921                   /usr/lib/jvm/jdk1.7.0/jre/lib/amd64/server/libjvm.so
7fd9819eb000-7fd981bea000 ---p 00b72000 08:02 12718921                   /usr/lib/jvm/jdk1.7.0/jre/lib/amd64/server/libjvm.so
7fd981bea000-7fd981caf000 rw-p 00b71000 08:02 12718921                   /usr/lib/jvm/jdk1.7.0/jre/lib/amd64/server/libjvm.so
7fd981caf000-7fd981cef000 rw-p 00000000 00:00 0 
7fd981cef000-7fd981eaa000 r-xp 00000000 08:02 4457650                    /lib/x86_64-linux-gnu/libc-2.19.so
7fd981eaa000-7fd9820a9000 ---p 001bb000 08:02 4457650                    /lib/x86_64-linux-gnu/libc-2.19.so
7fd9820a9000-7fd9820ad000 r--p 001ba000 08:02 4457650                    /lib/x86_64-linux-gnu/libc-2.19.so
7fd9820ad000-7fd9820af000 rw-p 001be000 08:02 4457650                    /lib/x86_64-linux-gnu/libc-2.19.so
7fd9820af000-7fd9820b4000 rw-p 00000000 00:00 0 
7fd9820b4000-7fd9820b7000 r-xp 00000000 08:02 4457493                    /lib/x86_64-linux-gnu/libdl-2.19.so
7fd9820b7000-7fd9822b6000 ---p 00003000 08:02 4457493                    /lib/x86_64-linux-gnu/libdl-2.19.so
7fd9822b6000-7fd9822b7000 r--p 00002000 08:02 4457493                    /lib/x86_64-linux-gnu/libdl-2.19.so
7fd9822b7000-7fd9822b8000 rw-p 00003000 08:02 4457493                    /lib/x86_64-linux-gnu/libdl-2.19.so
7fd9822b8000-7fd9822ce000 r-xp 00000000 08:02 12717095                   /usr/lib/jvm/jdk1.7.0/lib/amd64/jli/libjli.so
7fd9822ce000-7fd9824ce000 ---p 00016000 08:02 12717095                   /usr/lib/jvm/jdk1.7.0/lib/amd64/jli/libjli.so
7fd9824ce000-7fd9824cf000 rw-p 00016000 08:02 12717095                   /usr/lib/jvm/jdk1.7.0/lib/amd64/jli/libjli.so
7fd9824cf000-7fd9824e8000 r-xp 00000000 08:02 4457654                    /lib/x86_64-linux-gnu/libpthread-2.19.so
7fd9824e8000-7fd9826e7000 ---p 00019000 08:02 4457654                    /lib/x86_64-linux-gnu/libpthread-2.19.so
7fd9826e7000-7fd9826e8000 r--p 00018000 08:02 4457654                    /lib/x86_64-linux-gnu/libpthread-2.19.so
7fd9826e8000-7fd9826e9000 rw-p 00019000 08:02 4457654                    /lib/x86_64-linux-gnu/libpthread-2.19.so
7fd9826e9000-7fd9826ed000 rw-p 00000000 00:00 0 
7fd9826ed000-7fd982710000 r-xp 00000000 08:02 4457638                    /lib/x86_64-linux-gnu/ld-2.19.so
7fd982724000-7fd98272e000 rw-p 00000000 00:00 0 
7fd98272e000-7fd9827e4000 rw-p 00000000 00:00 0 
7fd9827e4000-7fd9827e7000 ---p 00000000 00:00 0 
7fd9827e7000-7fd9828e9000 rw-p 00000000 00:00 0                          [stack:13932]
7fd982901000-7fd982903000 rw-p 00000000 00:00 0 
7fd982903000-7fd98290b000 rw-s 00000000 08:02 7085564                    /tmp/hsperfdata_peto/13927
7fd98290b000-7fd98290c000 rw-p 00000000 00:00 0 
7fd98290c000-7fd98290d000 r--p 00000000 00:00 0 
7fd98290d000-7fd98290f000 rw-p 00000000 00:00 0 
7fd98290f000-7fd982910000 r--p 00022000 08:02 4457638                    /lib/x86_64-linux-gnu/ld-2.19.so
7fd982910000-7fd982911000 rw-p 00023000 08:02 4457638                    /lib/x86_64-linux-gnu/ld-2.19.so
7fd982911000-7fd982912000 rw-p 00000000 00:00 0 
7fff3519e000-7fff351bf000 rw-p 00000000 00:00 0                          [stack]
7fff351fe000-7fff35200000 r-xp 00000000 00:00 0                          [vdso]
ffffffffff600000-ffffffffff601000 r-xp 00000000 00:00 0                  [vsyscall]

VM Arguments:
jvm_args: -Dfile.encoding=UTF-8 -Xbootclasspath:/home/peto/android-sdks/platforms/android-22/android.jar 
java_command: sk.peterjurkovic.dril.DrilService
Launcher Type: SUN_STANDARD

Environment Variables:
PATH=/usr/local/heroku/bin:/usr/local/sbin:/usr/local/bin:/usr/sbin:/usr/bin:/sbin:/bin:/usr/games:/usr/local/games
USERNAME=peto
SHELL=/bin/bash
DISPLAY=:0

Signal Handlers:
SIGSEGV: [libjvm.so+0x9a1330], sa_mask[0]=0x7ffbfeff, sa_flags=0x10000004
SIGBUS: [libjvm.so+0x9a1330], sa_mask[0]=0x7ffbfeff, sa_flags=0x10000004
SIGFPE: [libjvm.so+0x81b390], sa_mask[0]=0x7ffbfeff, sa_flags=0x10000004
SIGPIPE: [libjvm.so+0x81b390], sa_mask[0]=0x7ffbfeff, sa_flags=0x10000004
SIGXFSZ: [libjvm.so+0x81b390], sa_mask[0]=0x7ffbfeff, sa_flags=0x10000004
SIGILL: [libjvm.so+0x81b390], sa_mask[0]=0x7ffbfeff, sa_flags=0x10000004
SIGUSR1: SIG_DFL, sa_mask[0]=0x00000000, sa_flags=0x00000000
SIGUSR2: [libjvm.so+0x81cb90], sa_mask[0]=0x00000004, sa_flags=0x10000004
SIGHUP: SIG_DFL, sa_mask[0]=0x00000000, sa_flags=0x00000000
SIGINT: SIG_DFL, sa_mask[0]=0x00000000, sa_flags=0x00000000
SIGTERM: SIG_DFL, sa_mask[0]=0x00000000, sa_flags=0x00000000
SIGQUIT: SIG_DFL, sa_mask[0]=0x00000000, sa_flags=0x00000000


---------------  S Y S T E M  ---------------

OS:jessie/sid

uname:Linux 3.13.0-24-generic #47-Ubuntu SMP Fri May 2 23:30:00 UTC 2014 x86_64
libc:glibc 2.19 NPTL 2.19 
rlimit: STACK 8192k, CORE 0k, NPROC 62054, NOFILE 4096, AS infinity
load average:1.54 1.52 1.50

/proc/meminfo:
MemTotal:        8028864 kB
MemFree:          447328 kB
Buffers:          264300 kB
Cached:          2689024 kB
SwapCached:            0 kB
Active:          4847748 kB
Inactive:        2141664 kB
Active(anon):    3674276 kB
Inactive(anon):  1042764 kB
Active(file):    1173472 kB
Inactive(file):  1098900 kB
Unevictable:           0 kB
Mlocked:               0 kB
SwapTotal:       8240124 kB
SwapFree:        8239396 kB
Dirty:              1128 kB
Writeback:             0 kB
AnonPages:       4036184 kB
Mapped:           515196 kB
Shmem:            680888 kB
Slab:             441940 kB
SReclaimable:     398400 kB
SUnreclaim:        43540 kB
KernelStack:        5272 kB
PageTables:        44296 kB
NFS_Unstable:          0 kB
Bounce:                0 kB
WritebackTmp:          0 kB
CommitLimit:    12254556 kB
Committed_AS:    8801152 kB
VmallocTotal:   34359738367 kB
VmallocUsed:      417276 kB
VmallocChunk:   34359289080 kB
HardwareCorrupted:     0 kB
AnonHugePages:   1216512 kB
HugePages_Total:       0
HugePages_Free:        0
HugePages_Rsvd:        0
HugePages_Surp:        0
Hugepagesize:       2048 kB
DirectMap4k:       86008 kB
DirectMap2M:     8155136 kB


CPU:total 4 (2 cores per cpu, 2 threads per core) family 6 model 58 stepping 9, cmov, cx8, fxsr, mmx, sse, sse2, sse3, ssse3, sse4.1, sse4.2, popcnt, avx, aes, erms, ht, tsc, tscinvbit, tscinv

/proc/cpuinfo:
processor	: 0
vendor_id	: GenuineIntel
cpu family	: 6
model		: 58
model name	: Intel(R) Core(TM) i5-3230M CPU @ 2.60GHz
stepping	: 9
microcode	: 0x17
cpu MHz		: 2500.000
cache size	: 3072 KB
physical id	: 0
siblings	: 4
core id		: 0
cpu cores	: 2
apicid		: 0
initial apicid	: 0
fpu		: yes
fpu_exception	: yes
cpuid level	: 13
wp		: yes
flags		: fpu vme de pse tsc msr pae mce cx8 apic sep mtrr pge mca cmov pat pse36 clflush dts acpi mmx fxsr sse sse2 ss ht tm pbe syscall nx rdtscp lm constant_tsc arch_perfmon pebs bts rep_good nopl xtopology nonstop_tsc aperfmperf eagerfpu pni pclmulqdq dtes64 monitor ds_cpl vmx est tm2 ssse3 cx16 xtpr pdcm pcid sse4_1 sse4_2 x2apic popcnt tsc_deadline_timer aes xsave avx f16c rdrand lahf_lm ida arat epb xsaveopt pln pts dtherm tpr_shadow vnmi flexpriority ept vpid fsgsbase smep erms
bogomips	: 5187.79
clflush size	: 64
cache_alignment	: 64
address sizes	: 36 bits physical, 48 bits virtual
power management:

processor	: 1
vendor_id	: GenuineIntel
cpu family	: 6
model		: 58
model name	: Intel(R) Core(TM) i5-3230M CPU @ 2.60GHz
stepping	: 9
microcode	: 0x17
cpu MHz		: 2601.000
cache size	: 3072 KB
physical id	: 0
siblings	: 4
core id		: 0
cpu cores	: 2
apicid		: 1
initial apicid	: 1
fpu		: yes
fpu_exception	: yes
cpuid level	: 13
wp		: yes
flags		: fpu vme de pse tsc msr pae mce cx8 apic sep mtrr pge mca cmov pat pse36 clflush dts acpi mmx fxsr sse sse2 ss ht tm pbe syscall nx rdtscp lm constant_tsc arch_perfmon pebs bts rep_good nopl xtopology nonstop_tsc aperfmperf eagerfpu pni pclmulqdq dtes64 monitor ds_cpl vmx est tm2 ssse3 cx16 xtpr pdcm pcid sse4_1 sse4_2 x2apic popcnt tsc_deadline_timer aes xsave avx f16c rdrand lahf_lm ida arat epb xsaveopt pln pts dtherm tpr_shadow vnmi flexpriority ept vpid fsgsbase smep erms
bogomips	: 5187.79
clflush size	: 64
cache_alignment	: 64
address sizes	: 36 bits physical, 48 bits virtual
power management:

processor	: 2
vendor_id	: GenuineIntel
cpu family	: 6
model		: 58
model name	: Intel(R) Core(TM) i5-3230M CPU @ 2.60GHz
stepping	: 9
microcode	: 0x17
cpu MHz		: 2601.000
cache size	: 3072 KB
physical id	: 0
siblings	: 4
core id		: 1
cpu cores	: 2
apicid		: 2
initial apicid	: 2
fpu		: yes
fpu_exception	: yes
cpuid level	: 13
wp		: yes
flags		: fpu vme de pse tsc msr pae mce cx8 apic sep mtrr pge mca cmov pat pse36 clflush dts acpi mmx fxsr sse sse2 ss ht tm pbe syscall nx rdtscp lm constant_tsc arch_perfmon pebs bts rep_good nopl xtopology nonstop_tsc aperfmperf eagerfpu pni pclmulqdq dtes64 monitor ds_cpl vmx est tm2 ssse3 cx16 xtpr pdcm pcid sse4_1 sse4_2 x2apic popcnt tsc_deadline_timer aes xsave avx f16c rdrand lahf_lm ida arat epb xsaveopt pln pts dtherm tpr_shadow vnmi flexpriority ept vpid fsgsbase smep erms
bogomips	: 5187.79
clflush size	: 64
cache_alignment	: 64
address sizes	: 36 bits physical, 48 bits virtual
power management:

processor	: 3
vendor_id	: GenuineIntel
cpu family	: 6
model		: 58
model name	: Intel(R) Core(TM) i5-3230M CPU @ 2.60GHz
stepping	: 9
microcode	: 0x17
cpu MHz		: 2601.000
cache size	: 3072 KB
physical id	: 0
siblings	: 4
core id		: 1
cpu cores	: 2
apicid		: 3
initial apicid	: 3
fpu		: yes
fpu_exception	: yes
cpuid level	: 13
wp		: yes
flags		: fpu vme de pse tsc msr pae mce cx8 apic sep mtrr pge mca cmov pat pse36 clflush dts acpi mmx fxsr sse sse2 ss ht tm pbe syscall nx rdtscp lm constant_tsc arch_perfmon pebs bts rep_good nopl xtopology nonstop_tsc aperfmperf eagerfpu pni pclmulqdq dtes64 monitor ds_cpl vmx est tm2 ssse3 cx16 xtpr pdcm pcid sse4_1 sse4_2 x2apic popcnt tsc_deadline_timer aes xsave avx f16c rdrand lahf_lm ida arat epb xsaveopt pln pts dtherm tpr_shadow vnmi flexpriority ept vpid fsgsbase smep erms
bogomips	: 5187.79
clflush size	: 64
cache_alignment	: 64
address sizes	: 36 bits physical, 48 bits virtual
power management:



Memory: 4k page, physical 8028864k(447328k free), swap 8240124k(8239396k free)

vm_info: Java HotSpot(TM) 64-Bit Server VM (24.71-b01) for linux-amd64 JRE (1.7.0_71-b14), built on Sep 26 2014 16:41:40 by "java_re" with gcc 4.3.0 20080428 (Red Hat 4.3.0-8)

time: Sat Jun 27 09:55:28 2015
elapsed time: 0 seconds

