#
# A fatal error has been detected by the Java Runtime Environment:
#
#  Internal Error (javaClasses.cpp:136), pid=13951, tid=139919422015232
#  fatal error: Invalid layout of preloaded class
#
# JRE version:  (7.0_71-b14) (build )
# Java VM: Java HotSpot(TM) 64-Bit Server VM (24.71-b01 mixed mode linux-amd64 compressed oops)
# Failed to write core dump. Core dumps have been disabled. To enable core dumping, try "ulimit -c unlimited" before starting Java again
#
# If you would like to submit a bug report, please visit:
#   http://bugreport.sun.com/bugreport/crash.jsp
#

---------------  T H R E A D  ---------------

Current thread (0x00007f418000a000):  JavaThread "Unknown thread" [_thread_in_vm, id=13952, stack(0x00007f4187624000,0x00007f4187725000)]

Stack: [0x00007f4187624000,0x00007f4187725000],  sp=0x00007f41877237b0,  free space=1021k
Native frames: (J=compiled Java code, j=interpreted, Vv=VM code, C=native code)
V  [libjvm.so+0x9a0a1a]  VMError::report_and_die()+0x2ea
V  [libjvm.so+0x497879]  report_fatal(char const*, int, char const*)+0x59
V  [libjvm.so+0x606655]  compute_offset(int&, klassOopDesc*, Symbol*, Symbol*, bool)+0x135
V  [libjvm.so+0x6076f9]  java_lang_String::compute_offsets()+0x49
V  [libjvm.so+0x926a25]  SystemDictionary::initialize_preloaded_classes(Thread*)+0x235
V  [libjvm.so+0x974394]  Universe::genesis(Thread*)+0x494
V  [libjvm.so+0x974849]  universe2_init()+0x29
V  [libjvm.so+0x5b0f6d]  init_globals()+0xbd
V  [libjvm.so+0x95b47d]  Threads::create_vm(JavaVMInitArgs*, bool*)+0x1ed
V  [libjvm.so+0x6391c4]  JNI_CreateJavaVM+0x74
C  [libjli.so+0x2f8e]  JavaMain+0x9e


---------------  P R O C E S S  ---------------

Java Threads: ( => current thread )

Other Threads:

=>0x00007f418000a000 (exited) JavaThread "Unknown thread" [_thread_in_vm, id=13952, stack(0x00007f4187624000,0x00007f4187725000)]

VM state:not at safepoint (not fully initialized)

VM Mutex/Monitor currently owned by a thread: None

GC Heap History (0 events):
No events

Deoptimization events (0 events):
No events

Internal exceptions (0 events):
No events

Events (10 events):
Event: 0.009 loading class 0x00007f41789c56f0 done
Event: 0.010 loading class 0x00007f41789c5110 done
Event: 0.010 loading class 0x00007f41789c50f0
Event: 0.010 loading class 0x00007f41789cd280
Event: 0.010 loading class 0x00007f41789cd280 done
Event: 0.010 loading class 0x00007f41789cd2b0
Event: 0.010 loading class 0x00007f41789cd2b0 done
Event: 0.010 loading class 0x00007f41789cd2e0
Event: 0.010 loading class 0x00007f41789cd2e0 done
Event: 0.010 loading class 0x00007f41789c50f0 done


Dynamic libraries:
00400000-00401000 r-xp 00000000 08:02 12718258                           /usr/lib/jvm/jdk1.7.0/bin/java
00600000-00601000 rw-p 00000000 08:02 12718258                           /usr/lib/jvm/jdk1.7.0/bin/java
006d1000-006f2000 rw-p 00000000 00:00 0                                  [heap]
80400000-81900000 rw-p 00000000 00:00 0 
81900000-85600000 rw-p 00000000 00:00 0 
85600000-8a780000 rw-p 00000000 00:00 0 
8a780000-d7200000 rw-p 00000000 00:00 0 
d7200000-d9b00000 rw-p 00000000 00:00 0 
d9b00000-100000000 rw-p 00000000 00:00 0 
7f4164000000-7f4164021000 rw-p 00000000 00:00 0 
7f4164021000-7f4168000000 ---p 00000000 00:00 0 
7f416c000000-7f416c021000 rw-p 00000000 00:00 0 
7f416c021000-7f4170000000 ---p 00000000 00:00 0 
7f4170000000-7f4170021000 rw-p 00000000 00:00 0 
7f4170021000-7f4174000000 ---p 00000000 00:00 0 
7f4174000000-7f4174021000 rw-p 00000000 00:00 0 
7f4174021000-7f4178000000 ---p 00000000 00:00 0 
7f41785e8000-7f417885a000 rw-p 00000000 00:00 0 
7f417885a000-7f417894f000 r--s 017dd000 08:02 3408114                    /home/peto/android-sdks/platforms/android-22/android.jar
7f417894f000-7f417cdfe000 rw-p 00000000 00:00 0 
7f417cdfe000-7f417cdff000 ---p 00000000 00:00 0 
7f417cdff000-7f417ceff000 rw-p 00000000 00:00 0                          [stack:13959]
7f417ceff000-7f417cf00000 ---p 00000000 00:00 0 
7f417cf00000-7f417d000000 rw-p 00000000 00:00 0                          [stack:13957]
7f417d000000-7f417d270000 rwxp 00000000 00:00 0 
7f417d270000-7f4180056000 rw-p 00000000 00:00 0 
7f4180056000-7f4184000000 ---p 00000000 00:00 0 
7f4184013000-7f4184063000 rw-p 00000000 00:00 0 
7f4184063000-7f4184064000 ---p 00000000 00:00 0 
7f4184064000-7f4184164000 rw-p 00000000 00:00 0                          [stack:13956]
7f4184164000-7f4184165000 ---p 00000000 00:00 0 
7f4184165000-7f4184270000 rw-p 00000000 00:00 0                          [stack:13955]
7f4184270000-7f418428e000 rw-p 00000000 00:00 0 
7f418428e000-7f41842b7000 rw-p 00000000 00:00 0 
7f41842b7000-7f418451c000 rw-p 00000000 00:00 0 
7f418451c000-7f4184527000 rw-p 00000000 00:00 0 
7f4184527000-7f4184545000 rw-p 00000000 00:00 0 
7f4184545000-7f418456e000 rw-p 00000000 00:00 0 
7f418456e000-7f41847d3000 rw-p 00000000 00:00 0 
7f41847d3000-7f41847e8000 rw-p 00000000 00:00 0 
7f41847e8000-7f418491a000 rw-p 00000000 00:00 0 
7f418491a000-7f418491b000 rw-p 00000000 00:00 0 
7f418491b000-7f4184935000 r-xp 00000000 08:02 12718962                   /usr/lib/jvm/jdk1.7.0/jre/lib/amd64/libzip.so
7f4184935000-7f4184b35000 ---p 0001a000 08:02 12718962                   /usr/lib/jvm/jdk1.7.0/jre/lib/amd64/libzip.so
7f4184b35000-7f4184b36000 rw-p 0001a000 08:02 12718962                   /usr/lib/jvm/jdk1.7.0/jre/lib/amd64/libzip.so
7f4184b36000-7f4184b41000 r-xp 00000000 08:02 4457464                    /lib/x86_64-linux-gnu/libnss_files-2.19.so
7f4184b41000-7f4184d40000 ---p 0000b000 08:02 4457464                    /lib/x86_64-linux-gnu/libnss_files-2.19.so
7f4184d40000-7f4184d41000 r--p 0000a000 08:02 4457464                    /lib/x86_64-linux-gnu/libnss_files-2.19.so
7f4184d41000-7f4184d42000 rw-p 0000b000 08:02 4457464                    /lib/x86_64-linux-gnu/libnss_files-2.19.so
7f4184d42000-7f4184d4d000 r-xp 00000000 08:02 4457835                    /lib/x86_64-linux-gnu/libnss_nis-2.19.so
7f4184d4d000-7f4184f4c000 ---p 0000b000 08:02 4457835                    /lib/x86_64-linux-gnu/libnss_nis-2.19.so
7f4184f4c000-7f4184f4d000 r--p 0000a000 08:02 4457835                    /lib/x86_64-linux-gnu/libnss_nis-2.19.so
7f4184f4d000-7f4184f4e000 rw-p 0000b000 08:02 4457835                    /lib/x86_64-linux-gnu/libnss_nis-2.19.so
7f4184f4e000-7f4184f65000 r-xp 00000000 08:02 4457543                    /lib/x86_64-linux-gnu/libnsl-2.19.so
7f4184f65000-7f4185164000 ---p 00017000 08:02 4457543                    /lib/x86_64-linux-gnu/libnsl-2.19.so
7f4185164000-7f4185165000 r--p 00016000 08:02 4457543                    /lib/x86_64-linux-gnu/libnsl-2.19.so
7f4185165000-7f4185166000 rw-p 00017000 08:02 4457543                    /lib/x86_64-linux-gnu/libnsl-2.19.so
7f4185166000-7f4185168000 rw-p 00000000 00:00 0 
7f4185168000-7f4185171000 r-xp 00000000 08:02 4457540                    /lib/x86_64-linux-gnu/libnss_compat-2.19.so
7f4185171000-7f4185370000 ---p 00009000 08:02 4457540                    /lib/x86_64-linux-gnu/libnss_compat-2.19.so
7f4185370000-7f4185371000 r--p 00008000 08:02 4457540                    /lib/x86_64-linux-gnu/libnss_compat-2.19.so
7f4185371000-7f4185372000 rw-p 00009000 08:02 4457540                    /lib/x86_64-linux-gnu/libnss_compat-2.19.so
7f4185372000-7f418539b000 r-xp 00000000 08:02 12718945                   /usr/lib/jvm/jdk1.7.0/jre/lib/amd64/libjava.so
7f418539b000-7f418559b000 ---p 00029000 08:02 12718945                   /usr/lib/jvm/jdk1.7.0/jre/lib/amd64/libjava.so
7f418559b000-7f418559d000 rw-p 00029000 08:02 12718945                   /usr/lib/jvm/jdk1.7.0/jre/lib/amd64/libjava.so
7f418559d000-7f41855aa000 r-xp 00000000 08:02 12718907                   /usr/lib/jvm/jdk1.7.0/jre/lib/amd64/libverify.so
7f41855aa000-7f41857a9000 ---p 0000d000 08:02 12718907                   /usr/lib/jvm/jdk1.7.0/jre/lib/amd64/libverify.so
7f41857a9000-7f41857ab000 rw-p 0000c000 08:02 12718907                   /usr/lib/jvm/jdk1.7.0/jre/lib/amd64/libverify.so
7f41857ab000-7f41857b2000 r-xp 00000000 08:02 4457738                    /lib/x86_64-linux-gnu/librt-2.19.so
7f41857b2000-7f41859b1000 ---p 00007000 08:02 4457738                    /lib/x86_64-linux-gnu/librt-2.19.so
7f41859b1000-7f41859b2000 r--p 00006000 08:02 4457738                    /lib/x86_64-linux-gnu/librt-2.19.so
7f41859b2000-7f41859b3000 rw-p 00007000 08:02 4457738                    /lib/x86_64-linux-gnu/librt-2.19.so
7f41859b3000-7f4185ab8000 r-xp 00000000 08:02 4457438                    /lib/x86_64-linux-gnu/libm-2.19.so
7f4185ab8000-7f4185cb7000 ---p 00105000 08:02 4457438                    /lib/x86_64-linux-gnu/libm-2.19.so
7f4185cb7000-7f4185cb8000 r--p 00104000 08:02 4457438                    /lib/x86_64-linux-gnu/libm-2.19.so
7f4185cb8000-7f4185cb9000 rw-p 00105000 08:02 4457438                    /lib/x86_64-linux-gnu/libm-2.19.so
7f4185cb9000-7f418682b000 r-xp 00000000 08:02 12718921                   /usr/lib/jvm/jdk1.7.0/jre/lib/amd64/server/libjvm.so
7f418682b000-7f4186a2a000 ---p 00b72000 08:02 12718921                   /usr/lib/jvm/jdk1.7.0/jre/lib/amd64/server/libjvm.so
7f4186a2a000-7f4186aef000 rw-p 00b71000 08:02 12718921                   /usr/lib/jvm/jdk1.7.0/jre/lib/amd64/server/libjvm.so
7f4186aef000-7f4186b2f000 rw-p 00000000 00:00 0 
7f4186b2f000-7f4186cea000 r-xp 00000000 08:02 4457650                    /lib/x86_64-linux-gnu/libc-2.19.so
7f4186cea000-7f4186ee9000 ---p 001bb000 08:02 4457650                    /lib/x86_64-linux-gnu/libc-2.19.so
7f4186ee9000-7f4186eed000 r--p 001ba000 08:02 4457650                    /lib/x86_64-linux-gnu/libc-2.19.so
7f4186eed000-7f4186eef000 rw-p 001be000 08:02 4457650                    /lib/x86_64-linux-gnu/libc-2.19.so
7f4186eef000-7f4186ef4000 rw-p 00000000 00:00 0 
7f4186ef4000-7f4186ef7000 r-xp 00000000 08:02 4457493                    /lib/x86_64-linux-gnu/libdl-2.19.so
7f4186ef7000-7f41870f6000 ---p 00003000 08:02 4457493                    /lib/x86_64-linux-gnu/libdl-2.19.so
7f41870f6000-7f41870f7000 r--p 00002000 08:02 4457493                    /lib/x86_64-linux-gnu/libdl-2.19.so
7f41870f7000-7f41870f8000 rw-p 00003000 08:02 4457493                    /lib/x86_64-linux-gnu/libdl-2.19.so
7f41870f8000-7f418710e000 r-xp 00000000 08:02 12717095                   /usr/lib/jvm/jdk1.7.0/lib/amd64/jli/libjli.so
7f418710e000-7f418730e000 ---p 00016000 08:02 12717095                   /usr/lib/jvm/jdk1.7.0/lib/amd64/jli/libjli.so
7f418730e000-7f418730f000 rw-p 00016000 08:02 12717095                   /usr/lib/jvm/jdk1.7.0/lib/amd64/jli/libjli.so
7f418730f000-7f4187328000 r-xp 00000000 08:02 4457654                    /lib/x86_64-linux-gnu/libpthread-2.19.so
7f4187328000-7f4187527000 ---p 00019000 08:02 4457654                    /lib/x86_64-linux-gnu/libpthread-2.19.so
7f4187527000-7f4187528000 r--p 00018000 08:02 4457654                    /lib/x86_64-linux-gnu/libpthread-2.19.so
7f4187528000-7f4187529000 rw-p 00019000 08:02 4457654                    /lib/x86_64-linux-gnu/libpthread-2.19.so
7f4187529000-7f418752d000 rw-p 00000000 00:00 0 
7f418752d000-7f4187550000 r-xp 00000000 08:02 4457638                    /lib/x86_64-linux-gnu/ld-2.19.so
7f4187564000-7f418756e000 rw-p 00000000 00:00 0 
7f418756e000-7f4187624000 rw-p 00000000 00:00 0 
7f4187624000-7f4187627000 ---p 00000000 00:00 0 
7f4187627000-7f4187729000 rw-p 00000000 00:00 0                          [stack:13952]
7f4187741000-7f4187743000 rw-p 00000000 00:00 0 
7f4187743000-7f418774b000 rw-s 00000000 08:02 7085564                    /tmp/hsperfdata_peto/13951
7f418774b000-7f418774c000 rw-p 00000000 00:00 0 
7f418774c000-7f418774d000 r--p 00000000 00:00 0 
7f418774d000-7f418774f000 rw-p 00000000 00:00 0 
7f418774f000-7f4187750000 r--p 00022000 08:02 4457638                    /lib/x86_64-linux-gnu/ld-2.19.so
7f4187750000-7f4187751000 rw-p 00023000 08:02 4457638                    /lib/x86_64-linux-gnu/ld-2.19.so
7f4187751000-7f4187752000 rw-p 00000000 00:00 0 
7ffff5294000-7ffff52b5000 rw-p 00000000 00:00 0                          [stack]
7ffff53fe000-7ffff5400000 r-xp 00000000 00:00 0                          [vdso]
ffffffffff600000-ffffffffff601000 r-xp 00000000 00:00 0                  [vsyscall]

VM Arguments:
jvm_args: -Dfile.encoding=UTF-8 -Xbootclasspath:/home/peto/android-sdks/platforms/android-22/android.jar 
java_command: sk.peterjurkovic.dril.DrilService
Launcher Type: SUN_STANDARD

Environment Variables:
PATH=/usr/local/heroku/bin:/usr/local/sbin:/usr/local/bin:/usr/sbin:/usr/bin:/sbin:/bin:/usr/games:/usr/local/games
USERNAME=peto
SHELL=/bin/bash
DISPLAY=:0

Signal Handlers:
SIGSEGV: [libjvm.so+0x9a1330], sa_mask[0]=0x7ffbfeff, sa_flags=0x10000004
SIGBUS: [libjvm.so+0x9a1330], sa_mask[0]=0x7ffbfeff, sa_flags=0x10000004
SIGFPE: [libjvm.so+0x81b390], sa_mask[0]=0x7ffbfeff, sa_flags=0x10000004
SIGPIPE: [libjvm.so+0x81b390], sa_mask[0]=0x7ffbfeff, sa_flags=0x10000004
SIGXFSZ: [libjvm.so+0x81b390], sa_mask[0]=0x7ffbfeff, sa_flags=0x10000004
SIGILL: [libjvm.so+0x81b390], sa_mask[0]=0x7ffbfeff, sa_flags=0x10000004
SIGUSR1: SIG_DFL, sa_mask[0]=0x00000000, sa_flags=0x00000000
SIGUSR2: [libjvm.so+0x81cb90], sa_mask[0]=0x00000004, sa_flags=0x10000004
SIGHUP: SIG_DFL, sa_mask[0]=0x00000000, sa_flags=0x00000000
SIGINT: SIG_DFL, sa_mask[0]=0x00000000, sa_flags=0x00000000
SIGTERM: SIG_DFL, sa_mask[0]=0x00000000, sa_flags=0x00000000
SIGQUIT: SIG_DFL, sa_mask[0]=0x00000000, sa_flags=0x00000000


---------------  S Y S T E M  ---------------

OS:jessie/sid

uname:Linux 3.13.0-24-generic #47-Ubuntu SMP Fri May 2 23:30:00 UTC 2014 x86_64
libc:glibc 2.19 NPTL 2.19 
rlimit: STACK 8192k, CORE 0k, NPROC 62054, NOFILE 4096, AS infinity
load average:1.50 1.51 1.50

/proc/meminfo:
MemTotal:        8028864 kB
MemFree:          435448 kB
Buffers:          264336 kB
Cached:          2690948 kB
SwapCached:            0 kB
Active:          4859928 kB
Inactive:        2143140 kB
Active(anon):    3685980 kB
Inactive(anon):  1043896 kB
Active(file):    1173948 kB
Inactive(file):  1099244 kB
Unevictable:           0 kB
Mlocked:               0 kB
SwapTotal:       8240124 kB
SwapFree:        8239396 kB
Dirty:               772 kB
Writeback:             0 kB
AnonPages:       4047756 kB
Mapped:           520072 kB
Shmem:            682092 kB
Slab:             441940 kB
SReclaimable:     398400 kB
SUnreclaim:        43540 kB
KernelStack:        5272 kB
PageTables:        44324 kB
NFS_Unstable:          0 kB
Bounce:                0 kB
WritebackTmp:          0 kB
CommitLimit:    12254556 kB
Committed_AS:    8809304 kB
VmallocTotal:   34359738367 kB
VmallocUsed:      417276 kB
VmallocChunk:   34359289080 kB
HardwareCorrupted:     0 kB
AnonHugePages:   1216512 kB
HugePages_Total:       0
HugePages_Free:        0
HugePages_Rsvd:        0
HugePages_Surp:        0
Hugepagesize:       2048 kB
DirectMap4k:       86008 kB
DirectMap2M:     8155136 kB


CPU:total 4 (2 cores per cpu, 2 threads per core) family 6 model 58 stepping 9, cmov, cx8, fxsr, mmx, sse, sse2, sse3, ssse3, sse4.1, sse4.2, popcnt, avx, aes, erms, ht, tsc, tscinvbit, tscinv

/proc/cpuinfo:
processor	: 0
vendor_id	: GenuineIntel
cpu family	: 6
model		: 58
model name	: Intel(R) Core(TM) i5-3230M CPU @ 2.60GHz
stepping	: 9
microcode	: 0x17
cpu MHz		: 1600.000
cache size	: 3072 KB
physical id	: 0
siblings	: 4
core id		: 0
cpu cores	: 2
apicid		: 0
initial apicid	: 0
fpu		: yes
fpu_exception	: yes
cpuid level	: 13
wp		: yes
flags		: fpu vme de pse tsc msr pae mce cx8 apic sep mtrr pge mca cmov pat pse36 clflush dts acpi mmx fxsr sse sse2 ss ht tm pbe syscall nx rdtscp lm constant_tsc arch_perfmon pebs bts rep_good nopl xtopology nonstop_tsc aperfmperf eagerfpu pni pclmulqdq dtes64 monitor ds_cpl vmx est tm2 ssse3 cx16 xtpr pdcm pcid sse4_1 sse4_2 x2apic popcnt tsc_deadline_timer aes xsave avx f16c rdrand lahf_lm ida arat epb xsaveopt pln pts dtherm tpr_shadow vnmi flexpriority ept vpid fsgsbase smep erms
bogomips	: 5187.79
clflush size	: 64
cache_alignment	: 64
address sizes	: 36 bits physical, 48 bits virtual
power management:

processor	: 1
vendor_id	: GenuineIntel
cpu family	: 6
model		: 58
model name	: Intel(R) Core(TM) i5-3230M CPU @ 2.60GHz
stepping	: 9
microcode	: 0x17
cpu MHz		: 2601.000
cache size	: 3072 KB
physical id	: 0
siblings	: 4
core id		: 0
cpu cores	: 2
apicid		: 1
initial apicid	: 1
fpu		: yes
fpu_exception	: yes
cpuid level	: 13
wp		: yes
flags		: fpu vme de pse tsc msr pae mce cx8 apic sep mtrr pge mca cmov pat pse36 clflush dts acpi mmx fxsr sse sse2 ss ht tm pbe syscall nx rdtscp lm constant_tsc arch_perfmon pebs bts rep_good nopl xtopology nonstop_tsc aperfmperf eagerfpu pni pclmulqdq dtes64 monitor ds_cpl vmx est tm2 ssse3 cx16 xtpr pdcm pcid sse4_1 sse4_2 x2apic popcnt tsc_deadline_timer aes xsave avx f16c rdrand lahf_lm ida arat epb xsaveopt pln pts dtherm tpr_shadow vnmi flexpriority ept vpid fsgsbase smep erms
bogomips	: 5187.79
clflush size	: 64
cache_alignment	: 64
address sizes	: 36 bits physical, 48 bits virtual
power management:

processor	: 2
vendor_id	: GenuineIntel
cpu family	: 6
model		: 58
model name	: Intel(R) Core(TM) i5-3230M CPU @ 2.60GHz
stepping	: 9
microcode	: 0x17
cpu MHz		: 1900.000
cache size	: 3072 KB
physical id	: 0
siblings	: 4
core id		: 1
cpu cores	: 2
apicid		: 2
initial apicid	: 2
fpu		: yes
fpu_exception	: yes
cpuid level	: 13
wp		: yes
flags		: fpu vme de pse tsc msr pae mce cx8 apic sep mtrr pge mca cmov pat pse36 clflush dts acpi mmx fxsr sse sse2 ss ht tm pbe syscall nx rdtscp lm constant_tsc arch_perfmon pebs bts rep_good nopl xtopology nonstop_tsc aperfmperf eagerfpu pni pclmulqdq dtes64 monitor ds_cpl vmx est tm2 ssse3 cx16 xtpr pdcm pcid sse4_1 sse4_2 x2apic popcnt tsc_deadline_timer aes xsave avx f16c rdrand lahf_lm ida arat epb xsaveopt pln pts dtherm tpr_shadow vnmi flexpriority ept vpid fsgsbase smep erms
bogomips	: 5187.79
clflush size	: 64
cache_alignment	: 64
address sizes	: 36 bits physical, 48 bits virtual
power management:

processor	: 3
vendor_id	: GenuineIntel
cpu family	: 6
model		: 58
model name	: Intel(R) Core(TM) i5-3230M CPU @ 2.60GHz
stepping	: 9
microcode	: 0x17
cpu MHz		: 2601.000
cache size	: 3072 KB
physical id	: 0
siblings	: 4
core id		: 1
cpu cores	: 2
apicid		: 3
initial apicid	: 3
fpu		: yes
fpu_exception	: yes
cpuid level	: 13
wp		: yes
flags		: fpu vme de pse tsc msr pae mce cx8 apic sep mtrr pge mca cmov pat pse36 clflush dts acpi mmx fxsr sse sse2 ss ht tm pbe syscall nx rdtscp lm constant_tsc arch_perfmon pebs bts rep_good nopl xtopology nonstop_tsc aperfmperf eagerfpu pni pclmulqdq dtes64 monitor ds_cpl vmx est tm2 ssse3 cx16 xtpr pdcm pcid sse4_1 sse4_2 x2apic popcnt tsc_deadline_timer aes xsave avx f16c rdrand lahf_lm ida arat epb xsaveopt pln pts dtherm tpr_shadow vnmi flexpriority ept vpid fsgsbase smep erms
bogomips	: 5187.79
clflush size	: 64
cache_alignment	: 64
address sizes	: 36 bits physical, 48 bits virtual
power management:



Memory: 4k page, physical 8028864k(435448k free), swap 8240124k(8239396k free)

vm_info: Java HotSpot(TM) 64-Bit Server VM (24.71-b01) for linux-amd64 JRE (1.7.0_71-b14), built on Sep 26 2014 16:41:40 by "java_re" with gcc 4.3.0 20080428 (Red Hat 4.3.0-8)

time: Sat Jun 27 09:55:45 2015
elapsed time: 0 seconds

