#
# A fatal error has been detected by the Java Runtime Environment:
#
#  Internal Error (javaClasses.cpp:136), pid=5191, tid=140390409008896
#  fatal error: Invalid layout of preloaded class
#
# JRE version:  (7.0_71-b14) (build )
# Java VM: Java HotSpot(TM) 64-Bit Server VM (24.71-b01 mixed mode linux-amd64 compressed oops)
# Failed to write core dump. Core dumps have been disabled. To enable core dumping, try "ulimit -c unlimited" before starting Java again
#
# If you would like to submit a bug report, please visit:
#   http://bugreport.sun.com/bugreport/crash.jsp
#

---------------  T H R E A D  ---------------

Current thread (0x00007faf2800a000):  JavaThread "Unknown thread" [_thread_in_vm, id=5193, stack(0x00007faf30657000,0x00007faf30758000)]

Stack: [0x00007faf30657000,0x00007faf30758000],  sp=0x00007faf307567b0,  free space=1021k
Native frames: (J=compiled Java code, j=interpreted, Vv=VM code, C=native code)
V  [libjvm.so+0x9a0a1a]  VMError::report_and_die()+0x2ea
V  [libjvm.so+0x497879]  report_fatal(char const*, int, char const*)+0x59
V  [libjvm.so+0x606655]  compute_offset(int&, klassOopDesc*, Symbol*, Symbol*, bool)+0x135
V  [libjvm.so+0x6076f9]  java_lang_String::compute_offsets()+0x49
V  [libjvm.so+0x926a25]  SystemDictionary::initialize_preloaded_classes(Thread*)+0x235
V  [libjvm.so+0x974394]  Universe::genesis(Thread*)+0x494
V  [libjvm.so+0x974849]  universe2_init()+0x29
V  [libjvm.so+0x5b0f6d]  init_globals()+0xbd
V  [libjvm.so+0x95b47d]  Threads::create_vm(JavaVMInitArgs*, bool*)+0x1ed
V  [libjvm.so+0x6391c4]  JNI_CreateJavaVM+0x74
C  [libjli.so+0x2f8e]  JavaMain+0x9e


---------------  P R O C E S S  ---------------

Java Threads: ( => current thread )

Other Threads:

=>0x00007faf2800a000 (exited) JavaThread "Unknown thread" [_thread_in_vm, id=5193, stack(0x00007faf30657000,0x00007faf30758000)]

VM state:not at safepoint (not fully initialized)

VM Mutex/Monitor currently owned by a thread: None

GC Heap History (0 events):
No events

Deoptimization events (0 events):
No events

Internal exceptions (0 events):
No events

Events (10 events):
Event: 0.008 loading class 0x00007faf2c9ea6f0 done
Event: 0.009 loading class 0x00007faf2c9ea110 done
Event: 0.009 loading class 0x00007faf2c9ea0f0
Event: 0.009 loading class 0x00007faf2c9f2280
Event: 0.009 loading class 0x00007faf2c9f2280 done
Event: 0.009 loading class 0x00007faf2c9f22b0
Event: 0.009 loading class 0x00007faf2c9f22b0 done
Event: 0.009 loading class 0x00007faf2c9f22e0
Event: 0.009 loading class 0x00007faf2c9f22e0 done
Event: 0.009 loading class 0x00007faf2c9ea0f0 done


Dynamic libraries:
00400000-00401000 r-xp 00000000 08:02 12718258                           /usr/lib/jvm/jdk1.7.0/bin/java
00600000-00601000 rw-p 00000000 08:02 12718258                           /usr/lib/jvm/jdk1.7.0/bin/java
0184e000-0186f000 rw-p 00000000 00:00 0                                  [heap]
80400000-81900000 rw-p 00000000 00:00 0 
81900000-85600000 rw-p 00000000 00:00 0 
85600000-8a780000 rw-p 00000000 00:00 0 
8a780000-d7200000 rw-p 00000000 00:00 0 
d7200000-d9b00000 rw-p 00000000 00:00 0 
d9b00000-100000000 rw-p 00000000 00:00 0 
7faf0c000000-7faf0c021000 rw-p 00000000 00:00 0 
7faf0c021000-7faf10000000 ---p 00000000 00:00 0 
7faf10000000-7faf10021000 rw-p 00000000 00:00 0 
7faf10021000-7faf14000000 ---p 00000000 00:00 0 
7faf14000000-7faf14021000 rw-p 00000000 00:00 0 
7faf14021000-7faf18000000 ---p 00000000 00:00 0 
7faf1c000000-7faf1c021000 rw-p 00000000 00:00 0 
7faf1c021000-7faf20000000 ---p 00000000 00:00 0 
7faf21020000-7faf25000000 rw-p 00000000 00:00 0 
7faf25000000-7faf25270000 rwxp 00000000 00:00 0 
7faf25270000-7faf28056000 rw-p 00000000 00:00 0 
7faf28056000-7faf2c000000 ---p 00000000 00:00 0 
7faf2c60d000-7faf2c87f000 rw-p 00000000 00:00 0 
7faf2c87f000-7faf2c974000 r--s 017dd000 08:02 3408114                    /home/peto/android-sdks/platforms/android-22/android.jar
7faf2c974000-7faf2ce93000 rw-p 00000000 00:00 0 
7faf2ce93000-7faf2ce94000 ---p 00000000 00:00 0 
7faf2ce94000-7faf2cf94000 rw-p 00000000 00:00 0                          [stack:5197]
7faf2cf94000-7faf2cf95000 ---p 00000000 00:00 0 
7faf2cf95000-7faf2d095000 rw-p 00000000 00:00 0                          [stack:5196]
7faf2d095000-7faf2d096000 ---p 00000000 00:00 0 
7faf2d096000-7faf2d196000 rw-p 00000000 00:00 0                          [stack:5195]
7faf2d196000-7faf2d197000 ---p 00000000 00:00 0 
7faf2d197000-7faf2d2a2000 rw-p 00000000 00:00 0                          [stack:5194]
7faf2d2a2000-7faf2d2c0000 rw-p 00000000 00:00 0 
7faf2d2c0000-7faf2d2e9000 rw-p 00000000 00:00 0 
7faf2d2e9000-7faf2d54e000 rw-p 00000000 00:00 0 
7faf2d54e000-7faf2d559000 rw-p 00000000 00:00 0 
7faf2d559000-7faf2d577000 rw-p 00000000 00:00 0 
7faf2d577000-7faf2d5a0000 rw-p 00000000 00:00 0 
7faf2d5a0000-7faf2d805000 rw-p 00000000 00:00 0 
7faf2d805000-7faf2d81a000 rw-p 00000000 00:00 0 
7faf2d81a000-7faf2d94c000 rw-p 00000000 00:00 0 
7faf2d94c000-7faf2d94d000 rw-p 00000000 00:00 0 
7faf2d94d000-7faf2d967000 r-xp 00000000 08:02 12718962                   /usr/lib/jvm/jdk1.7.0/jre/lib/amd64/libzip.so
7faf2d967000-7faf2db67000 ---p 0001a000 08:02 12718962                   /usr/lib/jvm/jdk1.7.0/jre/lib/amd64/libzip.so
7faf2db67000-7faf2db68000 rw-p 0001a000 08:02 12718962                   /usr/lib/jvm/jdk1.7.0/jre/lib/amd64/libzip.so
7faf2db68000-7faf2db73000 r-xp 00000000 08:02 4457464                    /lib/x86_64-linux-gnu/libnss_files-2.19.so
7faf2db73000-7faf2dd72000 ---p 0000b000 08:02 4457464                    /lib/x86_64-linux-gnu/libnss_files-2.19.so
7faf2dd72000-7faf2dd73000 r--p 0000a000 08:02 4457464                    /lib/x86_64-linux-gnu/libnss_files-2.19.so
7faf2dd73000-7faf2dd74000 rw-p 0000b000 08:02 4457464                    /lib/x86_64-linux-gnu/libnss_files-2.19.so
7faf2dd74000-7faf2dd7f000 r-xp 00000000 08:02 4457835                    /lib/x86_64-linux-gnu/libnss_nis-2.19.so
7faf2dd7f000-7faf2df7e000 ---p 0000b000 08:02 4457835                    /lib/x86_64-linux-gnu/libnss_nis-2.19.so
7faf2df7e000-7faf2df7f000 r--p 0000a000 08:02 4457835                    /lib/x86_64-linux-gnu/libnss_nis-2.19.so
7faf2df7f000-7faf2df80000 rw-p 0000b000 08:02 4457835                    /lib/x86_64-linux-gnu/libnss_nis-2.19.so
7faf2df80000-7faf2df97000 r-xp 00000000 08:02 4457543                    /lib/x86_64-linux-gnu/libnsl-2.19.so
7faf2df97000-7faf2e196000 ---p 00017000 08:02 4457543                    /lib/x86_64-linux-gnu/libnsl-2.19.so
7faf2e196000-7faf2e197000 r--p 00016000 08:02 4457543                    /lib/x86_64-linux-gnu/libnsl-2.19.so
7faf2e197000-7faf2e198000 rw-p 00017000 08:02 4457543                    /lib/x86_64-linux-gnu/libnsl-2.19.so
7faf2e198000-7faf2e19a000 rw-p 00000000 00:00 0 
7faf2e19a000-7faf2e1a3000 r-xp 00000000 08:02 4457540                    /lib/x86_64-linux-gnu/libnss_compat-2.19.so
7faf2e1a3000-7faf2e3a2000 ---p 00009000 08:02 4457540                    /lib/x86_64-linux-gnu/libnss_compat-2.19.so
7faf2e3a2000-7faf2e3a3000 r--p 00008000 08:02 4457540                    /lib/x86_64-linux-gnu/libnss_compat-2.19.so
7faf2e3a3000-7faf2e3a4000 rw-p 00009000 08:02 4457540                    /lib/x86_64-linux-gnu/libnss_compat-2.19.so
7faf2e3a4000-7faf2e3cd000 r-xp 00000000 08:02 12718945                   /usr/lib/jvm/jdk1.7.0/jre/lib/amd64/libjava.so
7faf2e3cd000-7faf2e5cd000 ---p 00029000 08:02 12718945                   /usr/lib/jvm/jdk1.7.0/jre/lib/amd64/libjava.so
7faf2e5cd000-7faf2e5cf000 rw-p 00029000 08:02 12718945                   /usr/lib/jvm/jdk1.7.0/jre/lib/amd64/libjava.so
7faf2e5cf000-7faf2e5dc000 r-xp 00000000 08:02 12718907                   /usr/lib/jvm/jdk1.7.0/jre/lib/amd64/libverify.so
7faf2e5dc000-7faf2e7db000 ---p 0000d000 08:02 12718907                   /usr/lib/jvm/jdk1.7.0/jre/lib/amd64/libverify.so
7faf2e7db000-7faf2e7dd000 rw-p 0000c000 08:02 12718907                   /usr/lib/jvm/jdk1.7.0/jre/lib/amd64/libverify.so
7faf2e7dd000-7faf2e7e4000 r-xp 00000000 08:02 4457738                    /lib/x86_64-linux-gnu/librt-2.19.so
7faf2e7e4000-7faf2e9e3000 ---p 00007000 08:02 4457738                    /lib/x86_64-linux-gnu/librt-2.19.so
7faf2e9e3000-7faf2e9e4000 r--p 00006000 08:02 4457738                    /lib/x86_64-linux-gnu/librt-2.19.so
7faf2e9e4000-7faf2e9e5000 rw-p 00007000 08:02 4457738                    /lib/x86_64-linux-gnu/librt-2.19.so
7faf2e9e5000-7faf2eaea000 r-xp 00000000 08:02 4457438                    /lib/x86_64-linux-gnu/libm-2.19.so
7faf2eaea000-7faf2ece9000 ---p 00105000 08:02 4457438                    /lib/x86_64-linux-gnu/libm-2.19.so
7faf2ece9000-7faf2ecea000 r--p 00104000 08:02 4457438                    /lib/x86_64-linux-gnu/libm-2.19.so
7faf2ecea000-7faf2eceb000 rw-p 00105000 08:02 4457438                    /lib/x86_64-linux-gnu/libm-2.19.so
7faf2eceb000-7faf2f85d000 r-xp 00000000 08:02 12718921                   /usr/lib/jvm/jdk1.7.0/jre/lib/amd64/server/libjvm.so
7faf2f85d000-7faf2fa5c000 ---p 00b72000 08:02 12718921                   /usr/lib/jvm/jdk1.7.0/jre/lib/amd64/server/libjvm.so
7faf2fa5c000-7faf2fb21000 rw-p 00b71000 08:02 12718921                   /usr/lib/jvm/jdk1.7.0/jre/lib/amd64/server/libjvm.so
7faf2fb21000-7faf2fb61000 rw-p 00000000 00:00 0 
7faf2fb61000-7faf2fd1c000 r-xp 00000000 08:02 4457650                    /lib/x86_64-linux-gnu/libc-2.19.so
7faf2fd1c000-7faf2ff1b000 ---p 001bb000 08:02 4457650                    /lib/x86_64-linux-gnu/libc-2.19.so
7faf2ff1b000-7faf2ff1f000 r--p 001ba000 08:02 4457650                    /lib/x86_64-linux-gnu/libc-2.19.so
7faf2ff1f000-7faf2ff21000 rw-p 001be000 08:02 4457650                    /lib/x86_64-linux-gnu/libc-2.19.so
7faf2ff21000-7faf2ff26000 rw-p 00000000 00:00 0 
7faf2ff26000-7faf2ff29000 r-xp 00000000 08:02 4457493                    /lib/x86_64-linux-gnu/libdl-2.19.so
7faf2ff29000-7faf30128000 ---p 00003000 08:02 4457493                    /lib/x86_64-linux-gnu/libdl-2.19.so
7faf30128000-7faf30129000 r--p 00002000 08:02 4457493                    /lib/x86_64-linux-gnu/libdl-2.19.so
7faf30129000-7faf3012a000 rw-p 00003000 08:02 4457493                    /lib/x86_64-linux-gnu/libdl-2.19.so
7faf3012a000-7faf30140000 r-xp 00000000 08:02 12717095                   /usr/lib/jvm/jdk1.7.0/lib/amd64/jli/libjli.so
7faf30140000-7faf30340000 ---p 00016000 08:02 12717095                   /usr/lib/jvm/jdk1.7.0/lib/amd64/jli/libjli.so
7faf30340000-7faf30341000 rw-p 00016000 08:02 12717095                   /usr/lib/jvm/jdk1.7.0/lib/amd64/jli/libjli.so
7faf30341000-7faf3035a000 r-xp 00000000 08:02 4457654                    /lib/x86_64-linux-gnu/libpthread-2.19.so
7faf3035a000-7faf30559000 ---p 00019000 08:02 4457654                    /lib/x86_64-linux-gnu/libpthread-2.19.so
7faf30559000-7faf3055a000 r--p 00018000 08:02 4457654                    /lib/x86_64-linux-gnu/libpthread-2.19.so
7faf3055a000-7faf3055b000 rw-p 00019000 08:02 4457654                    /lib/x86_64-linux-gnu/libpthread-2.19.so
7faf3055b000-7faf3055f000 rw-p 00000000 00:00 0 
7faf3055f000-7faf30582000 r-xp 00000000 08:02 4457638                    /lib/x86_64-linux-gnu/ld-2.19.so
7faf30597000-7faf305a1000 rw-p 00000000 00:00 0 
7faf305a1000-7faf30657000 rw-p 00000000 00:00 0 
7faf30657000-7faf3065a000 ---p 00000000 00:00 0 
7faf3065a000-7faf3075c000 rw-p 00000000 00:00 0                          [stack:5193]
7faf30773000-7faf30775000 rw-p 00000000 00:00 0 
7faf30775000-7faf3077d000 rw-s 00000000 08:02 7083366                    /tmp/hsperfdata_peto/5191
7faf3077d000-7faf3077e000 rw-p 00000000 00:00 0 
7faf3077e000-7faf3077f000 r--p 00000000 00:00 0 
7faf3077f000-7faf30781000 rw-p 00000000 00:00 0 
7faf30781000-7faf30782000 r--p 00022000 08:02 4457638                    /lib/x86_64-linux-gnu/ld-2.19.so
7faf30782000-7faf30783000 rw-p 00023000 08:02 4457638                    /lib/x86_64-linux-gnu/ld-2.19.so
7faf30783000-7faf30784000 rw-p 00000000 00:00 0 
7fff4f34f000-7fff4f370000 rw-p 00000000 00:00 0                          [stack]
7fff4f3fe000-7fff4f400000 r-xp 00000000 00:00 0                          [vdso]
ffffffffff600000-ffffffffff601000 r-xp 00000000 00:00 0                  [vsyscall]

VM Arguments:
jvm_args: -Dfile.encoding=UTF-8 -Xbootclasspath:/home/peto/android-sdks/platforms/android-22/android.jar 
java_command: sk.peterjurkovic.dril.utils.StringUtils
Launcher Type: SUN_STANDARD

Environment Variables:
PATH=/usr/local/heroku/bin:/usr/local/sbin:/usr/local/bin:/usr/sbin:/usr/bin:/sbin:/bin:/usr/games:/usr/local/games
USERNAME=peto
SHELL=/bin/bash
DISPLAY=:0

Signal Handlers:
SIGSEGV: [libjvm.so+0x9a1330], sa_mask[0]=0x7ffbfeff, sa_flags=0x10000004
SIGBUS: [libjvm.so+0x9a1330], sa_mask[0]=0x7ffbfeff, sa_flags=0x10000004
SIGFPE: [libjvm.so+0x81b390], sa_mask[0]=0x7ffbfeff, sa_flags=0x10000004
SIGPIPE: [libjvm.so+0x81b390], sa_mask[0]=0x7ffbfeff, sa_flags=0x10000004
SIGXFSZ: [libjvm.so+0x81b390], sa_mask[0]=0x7ffbfeff, sa_flags=0x10000004
SIGILL: [libjvm.so+0x81b390], sa_mask[0]=0x7ffbfeff, sa_flags=0x10000004
SIGUSR1: SIG_DFL, sa_mask[0]=0x00000000, sa_flags=0x00000000
SIGUSR2: [libjvm.so+0x81cb90], sa_mask[0]=0x00000004, sa_flags=0x10000004
SIGHUP: SIG_DFL, sa_mask[0]=0x00000000, sa_flags=0x00000000
SIGINT: SIG_DFL, sa_mask[0]=0x00000000, sa_flags=0x00000000
SIGTERM: SIG_DFL, sa_mask[0]=0x00000000, sa_flags=0x00000000
SIGQUIT: SIG_DFL, sa_mask[0]=0x00000000, sa_flags=0x00000000


---------------  S Y S T E M  ---------------

OS:jessie/sid

uname:Linux 3.13.0-24-generic #47-Ubuntu SMP Fri May 2 23:30:00 UTC 2014 x86_64
libc:glibc 2.19 NPTL 2.19 
rlimit: STACK 8192k, CORE 0k, NPROC 62054, NOFILE 4096, AS infinity
load average:0.80 0.89 0.76

/proc/meminfo:
MemTotal:        8028864 kB
MemFree:         2090128 kB
Buffers:          155832 kB
Cached:          2849680 kB
SwapCached:            0 kB
Active:          3390688 kB
Inactive:        2264668 kB
Active(anon):    2655304 kB
Inactive(anon):   443620 kB
Active(file):     735384 kB
Inactive(file):  1821048 kB
Unevictable:           0 kB
Mlocked:               0 kB
SwapTotal:       8240124 kB
SwapFree:        8240124 kB
Dirty:               540 kB
Writeback:             0 kB
AnonPages:       2650016 kB
Mapped:           567808 kB
Shmem:            448916 kB
Slab:             152796 kB
SReclaimable:     120184 kB
SUnreclaim:        32612 kB
KernelStack:        4648 kB
PageTables:        33020 kB
NFS_Unstable:          0 kB
Bounce:                0 kB
WritebackTmp:          0 kB
CommitLimit:    12254556 kB
Committed_AS:    6047128 kB
VmallocTotal:   34359738367 kB
VmallocUsed:      415160 kB
VmallocChunk:   34359317584 kB
HardwareCorrupted:     0 kB
AnonHugePages:    995328 kB
HugePages_Total:       0
HugePages_Free:        0
HugePages_Rsvd:        0
HugePages_Surp:        0
Hugepagesize:       2048 kB
DirectMap4k:       88056 kB
DirectMap2M:     8153088 kB


CPU:total 4 (2 cores per cpu, 2 threads per core) family 6 model 58 stepping 9, cmov, cx8, fxsr, mmx, sse, sse2, sse3, ssse3, sse4.1, sse4.2, popcnt, avx, aes, erms, ht, tsc, tscinvbit, tscinv

/proc/cpuinfo:
processor	: 0
vendor_id	: GenuineIntel
cpu family	: 6
model		: 58
model name	: Intel(R) Core(TM) i5-3230M CPU @ 2.60GHz
stepping	: 9
microcode	: 0x17
cpu MHz		: 1300.000
cache size	: 3072 KB
physical id	: 0
siblings	: 4
core id		: 0
cpu cores	: 2
apicid		: 0
initial apicid	: 0
fpu		: yes
fpu_exception	: yes
cpuid level	: 13
wp		: yes
flags		: fpu vme de pse tsc msr pae mce cx8 apic sep mtrr pge mca cmov pat pse36 clflush dts acpi mmx fxsr sse sse2 ss ht tm pbe syscall nx rdtscp lm constant_tsc arch_perfmon pebs bts rep_good nopl xtopology nonstop_tsc aperfmperf eagerfpu pni pclmulqdq dtes64 monitor ds_cpl vmx est tm2 ssse3 cx16 xtpr pdcm pcid sse4_1 sse4_2 x2apic popcnt tsc_deadline_timer aes xsave avx f16c rdrand lahf_lm ida arat epb xsaveopt pln pts dtherm tpr_shadow vnmi flexpriority ept vpid fsgsbase smep erms
bogomips	: 5188.09
clflush size	: 64
cache_alignment	: 64
address sizes	: 36 bits physical, 48 bits virtual
power management:

processor	: 1
vendor_id	: GenuineIntel
cpu family	: 6
model		: 58
model name	: Intel(R) Core(TM) i5-3230M CPU @ 2.60GHz
stepping	: 9
microcode	: 0x17
cpu MHz		: 1400.000
cache size	: 3072 KB
physical id	: 0
siblings	: 4
core id		: 0
cpu cores	: 2
apicid		: 1
initial apicid	: 1
fpu		: yes
fpu_exception	: yes
cpuid level	: 13
wp		: yes
flags		: fpu vme de pse tsc msr pae mce cx8 apic sep mtrr pge mca cmov pat pse36 clflush dts acpi mmx fxsr sse sse2 ss ht tm pbe syscall nx rdtscp lm constant_tsc arch_perfmon pebs bts rep_good nopl xtopology nonstop_tsc aperfmperf eagerfpu pni pclmulqdq dtes64 monitor ds_cpl vmx est tm2 ssse3 cx16 xtpr pdcm pcid sse4_1 sse4_2 x2apic popcnt tsc_deadline_timer aes xsave avx f16c rdrand lahf_lm ida arat epb xsaveopt pln pts dtherm tpr_shadow vnmi flexpriority ept vpid fsgsbase smep erms
bogomips	: 5188.09
clflush size	: 64
cache_alignment	: 64
address sizes	: 36 bits physical, 48 bits virtual
power management:

processor	: 2
vendor_id	: GenuineIntel
cpu family	: 6
model		: 58
model name	: Intel(R) Core(TM) i5-3230M CPU @ 2.60GHz
stepping	: 9
microcode	: 0x17
cpu MHz		: 2601.000
cache size	: 3072 KB
physical id	: 0
siblings	: 4
core id		: 1
cpu cores	: 2
apicid		: 2
initial apicid	: 2
fpu		: yes
fpu_exception	: yes
cpuid level	: 13
wp		: yes
flags		: fpu vme de pse tsc msr pae mce cx8 apic sep mtrr pge mca cmov pat pse36 clflush dts acpi mmx fxsr sse sse2 ss ht tm pbe syscall nx rdtscp lm constant_tsc arch_perfmon pebs bts rep_good nopl xtopology nonstop_tsc aperfmperf eagerfpu pni pclmulqdq dtes64 monitor ds_cpl vmx est tm2 ssse3 cx16 xtpr pdcm pcid sse4_1 sse4_2 x2apic popcnt tsc_deadline_timer aes xsave avx f16c rdrand lahf_lm ida arat epb xsaveopt pln pts dtherm tpr_shadow vnmi flexpriority ept vpid fsgsbase smep erms
bogomips	: 5188.09
clflush size	: 64
cache_alignment	: 64
address sizes	: 36 bits physical, 48 bits virtual
power management:

processor	: 3
vendor_id	: GenuineIntel
cpu family	: 6
model		: 58
model name	: Intel(R) Core(TM) i5-3230M CPU @ 2.60GHz
stepping	: 9
microcode	: 0x17
cpu MHz		: 2300.000
cache size	: 3072 KB
physical id	: 0
siblings	: 4
core id		: 1
cpu cores	: 2
apicid		: 3
initial apicid	: 3
fpu		: yes
fpu_exception	: yes
cpuid level	: 13
wp		: yes
flags		: fpu vme de pse tsc msr pae mce cx8 apic sep mtrr pge mca cmov pat pse36 clflush dts acpi mmx fxsr sse sse2 ss ht tm pbe syscall nx rdtscp lm constant_tsc arch_perfmon pebs bts rep_good nopl xtopology nonstop_tsc aperfmperf eagerfpu pni pclmulqdq dtes64 monitor ds_cpl vmx est tm2 ssse3 cx16 xtpr pdcm pcid sse4_1 sse4_2 x2apic popcnt tsc_deadline_timer aes xsave avx f16c rdrand lahf_lm ida arat epb xsaveopt pln pts dtherm tpr_shadow vnmi flexpriority ept vpid fsgsbase smep erms
bogomips	: 5188.09
clflush size	: 64
cache_alignment	: 64
address sizes	: 36 bits physical, 48 bits virtual
power management:



Memory: 4k page, physical 8028864k(2090128k free), swap 8240124k(8240124k free)

vm_info: Java HotSpot(TM) 64-Bit Server VM (24.71-b01) for linux-amd64 JRE (1.7.0_71-b14), built on Sep 26 2014 16:41:40 by "java_re" with gcc 4.3.0 20080428 (Red Hat 4.3.0-8)

time: Fri Jun 19 20:08:40 2015
elapsed time: 0 seconds

